<?xml version="1.0" encoding="UTF-8"?>
<testng-results ignored="306" total="402" passed="44" failed="51" skipped="1">
  <reporter-output>
  </reporter-output>
  <suite started-at="2020-11-15T00:40:11 IST" name="Failed suite [Suite]" finished-at="2020-11-15T05:55:27 IST" duration-ms="18915698">
    <groups>
      <group name="users_calling">
        <method signature="TeamCallingTest.Outgoing_Reject_Incoming_Reject_By_Both_Users()[pri:2, instance:com.CallHippo.Dialer.Calling.TeamCallingTest@72758afa]" name="Outgoing_Reject_Incoming_Reject_By_Both_Users" class="com.CallHippo.Dialer.Calling.TeamCallingTest"/>
      </group> <!-- users_calling -->
      <group name="team_roundrobin">
        <method signature="TeamCallingTest.IVR_Team_RoundRobin_Incoming_Missed_By_Both_Users_UserVoicemail()[pri:70, instance:com.CallHippo.Dialer.Calling.TeamCallingTest@72758afa]" name="IVR_Team_RoundRobin_Incoming_Missed_By_Both_Users_UserVoicemail" class="com.CallHippo.Dialer.Calling.TeamCallingTest"/>
      </group> <!-- team_roundrobin -->
      <group name="team_simulteneously">
        <method signature="TeamCallingTest.Team_simulteneously_Outgoing_Completed_Incoming_Missed_By_Both_Users_Voicemail()[pri:57, instance:com.CallHippo.Dialer.Calling.TeamCallingTest@72758afa]" name="Team_simulteneously_Outgoing_Completed_Incoming_Missed_By_Both_Users_Voicemail" class="com.CallHippo.Dialer.Calling.TeamCallingTest"/>
        <method signature="TeamCallingTest.Team_simulteneously_Outgoing_No_Answer_Incoming_Reject_By_main_user_Missed_By_sub_user()[pri:11, instance:com.CallHippo.Dialer.Calling.TeamCallingTest@72758afa]" name="Team_simulteneously_Outgoing_No_Answer_Incoming_Reject_By_main_user_Missed_By_sub_user" class="com.CallHippo.Dialer.Calling.TeamCallingTest"/>
      </group> <!-- team_simulteneously -->
      <group name="team_fixedorder">
        <method signature="TeamCallingTest.IVR_Team_Fixed_Incoming_Missed_By_Both_Users_UserVoicemail()[pri:69, instance:com.CallHippo.Dialer.Calling.TeamCallingTest@72758afa]" name="IVR_Team_Fixed_Incoming_Missed_By_Both_Users_UserVoicemail" class="com.CallHippo.Dialer.Calling.TeamCallingTest"/>
        <method signature="TeamCallingTest.Team_FixedOrder_Outgoing_Completed_Incoming_Reject_By_One_User_Missed_By_Another_User_Vociemail()[pri:67, instance:com.CallHippo.Dialer.Calling.TeamCallingTest@72758afa]" name="Team_FixedOrder_Outgoing_Completed_Incoming_Reject_By_One_User_Missed_By_Another_User_Vociemail" class="com.CallHippo.Dialer.Calling.TeamCallingTest"/>
        <method signature="TeamCallingTest.Team_FixedOrder_Outgoing_Rejected_Incoming_Reject_By_Both_Users()[pri:18, instance:com.CallHippo.Dialer.Calling.TeamCallingTest@72758afa]" name="Team_FixedOrder_Outgoing_Rejected_Incoming_Reject_By_Both_Users" class="com.CallHippo.Dialer.Calling.TeamCallingTest"/>
      </group> <!-- team_fixedorder -->
    </groups>
    <test started-at="2020-11-15T00:40:11 IST" name="Web signup test cases(failed)" finished-at="2020-11-15T00:45:53 IST" duration-ms="341431">
      <class name="com.CallHippo.web.authentication.SignupTest">
        <test-method is-config="true" signature="deleteAllMails()[pri:0, instance:com.CallHippo.web.authentication.SignupTest@48d5f34e]" started-at="2020-11-15T00:40:11 IST" name="deleteAllMails" finished-at="2020-11-15T00:41:02 IST" duration-ms="50309" status="PASS">
          <reporter-output>
          </reporter-output>
        </test-method> <!-- deleteAllMails -->
        <test-method is-config="true" signature="initialization()[pri:0, instance:com.CallHippo.web.authentication.SignupTest@48d5f34e]" started-at="2020-11-15T00:41:02 IST" name="initialization" finished-at="2020-11-15T00:41:13 IST" duration-ms="11166" status="PASS">
          <reporter-output>
          </reporter-output>
        </test-method> <!-- initialization -->
        <test-method signature="verifyExpiredLink()[pri:17, instance:com.CallHippo.web.authentication.SignupTest@48d5f34e]" started-at="2020-11-15T00:41:13 IST" name="verifyExpiredLink" finished-at="2020-11-15T00:45:52 IST" duration-ms="278846" status="FAIL">
          <exception class="org.openqa.selenium.NoSuchElementException">
            <message>
              <![CDATA[no such element: Unable to locate element: {"method":"xpath","selector":"//a[contains(text(),'Verify')]"}
  (Session info: chrome=86.0.4240.193)
For documentation on this error, please visit: https://www.seleniumhq.org/exceptions/no_such_element.html
Build info: version: '3.141.59', revision: 'e82be7d358', time: '2018-11-14T08:17:03'
System info: host: 'DESKTOP-2UA8D8B', ip: '192.168.1.45', os.name: 'Windows 10', os.arch: 'amd64', os.version: '10.0', java.version: '11.0.8'
Driver info: org.openqa.selenium.chrome.ChromeDriver
Capabilities {acceptInsecureCerts: false, browserName: chrome, browserVersion: 86.0.4240.193, chrome: {chromedriverVersion: 85.0.4183.87 (cd6713ebf92fa..., userDataDir: C:\Users\APPITS~1\AppData\L...}, goog:chromeOptions: {debuggerAddress: localhost:58375}, javascriptEnabled: true, networkConnectionEnabled: false, pageLoadStrategy: normal, platform: WINDOWS, platformName: WINDOWS, proxy: Proxy(), setWindowRect: true, strictFileInteractability: false, timeouts: {implicit: 0, pageLoad: 300000, script: 30000}, unhandledPromptBehavior: dismiss and notify, webauthn:virtualAuthenticators: true}
Session ID: bfd33df066fa8a7b352108c0a794fee5
*** Element info: {Using=xpath, value=//a[contains(text(),'Verify')]}]]>
            </message>
            <full-stacktrace>
              <![CDATA[org.openqa.selenium.NoSuchElementException: no such element: Unable to locate element: {"method":"xpath","selector":"//a[contains(text(),'Verify')]"}
  (Session info: chrome=86.0.4240.193)
For documentation on this error, please visit: https://www.seleniumhq.org/exceptions/no_such_element.html
Build info: version: '3.141.59', revision: 'e82be7d358', time: '2018-11-14T08:17:03'
System info: host: 'DESKTOP-2UA8D8B', ip: '192.168.1.45', os.name: 'Windows 10', os.arch: 'amd64', os.version: '10.0', java.version: '11.0.8'
Driver info: org.openqa.selenium.chrome.ChromeDriver
Capabilities {acceptInsecureCerts: false, browserName: chrome, browserVersion: 86.0.4240.193, chrome: {chromedriverVersion: 85.0.4183.87 (cd6713ebf92fa..., userDataDir: C:\Users\APPITS~1\AppData\L...}, goog:chromeOptions: {debuggerAddress: localhost:58375}, javascriptEnabled: true, networkConnectionEnabled: false, pageLoadStrategy: normal, platform: WINDOWS, platformName: WINDOWS, proxy: Proxy(), setWindowRect: true, strictFileInteractability: false, timeouts: {implicit: 0, pageLoad: 300000, script: 30000}, unhandledPromptBehavior: dismiss and notify, webauthn:virtualAuthenticators: true}
Session ID: bfd33df066fa8a7b352108c0a794fee5
*** Element info: {Using=xpath, value=//a[contains(text(),'Verify')]}
at java.base/jdk.internal.reflect.NativeConstructorAccessorImpl.newInstance0(Native Method)
at java.base/jdk.internal.reflect.NativeConstructorAccessorImpl.newInstance(NativeConstructorAccessorImpl.java:62)
at java.base/jdk.internal.reflect.DelegatingConstructorAccessorImpl.newInstance(DelegatingConstructorAccessorImpl.java:45)
at java.base/java.lang.reflect.Constructor.newInstance(Constructor.java:490)
at org.openqa.selenium.remote.http.W3CHttpResponseCodec.createException(W3CHttpResponseCodec.java:187)
at org.openqa.selenium.remote.http.W3CHttpResponseCodec.decode(W3CHttpResponseCodec.java:122)
at org.openqa.selenium.remote.http.W3CHttpResponseCodec.decode(W3CHttpResponseCodec.java:49)
at org.openqa.selenium.remote.HttpCommandExecutor.execute(HttpCommandExecutor.java:158)
at org.openqa.selenium.remote.service.DriverCommandExecutor.execute(DriverCommandExecutor.java:83)
at org.openqa.selenium.remote.RemoteWebDriver.execute(RemoteWebDriver.java:552)
at org.openqa.selenium.remote.RemoteWebDriver.findElement(RemoteWebDriver.java:323)
at org.openqa.selenium.remote.RemoteWebDriver.findElementByXPath(RemoteWebDriver.java:428)
at org.openqa.selenium.By$ByXPath.findElement(By.java:353)
at org.openqa.selenium.remote.RemoteWebDriver.findElement(RemoteWebDriver.java:315)
at com.CallHippo.web.authentication.SignupPage.gClickOnRecentMagicLoginlink(SignupPage.java:392)
at com.CallHippo.web.authentication.SignupPage.validateClickOnExpireLinkFromGmail(SignupPage.java:321)
at com.CallHippo.web.authentication.SignupTest.verifyExpiredLink(SignupTest.java:287)
at java.base/jdk.internal.reflect.NativeMethodAccessorImpl.invoke0(Native Method)
at java.base/jdk.internal.reflect.NativeMethodAccessorImpl.invoke(NativeMethodAccessorImpl.java:62)
at java.base/jdk.internal.reflect.DelegatingMethodAccessorImpl.invoke(DelegatingMethodAccessorImpl.java:43)
at java.base/java.lang.reflect.Method.invoke(Method.java:566)
at org.testng.internal.MethodInvocationHelper.invokeMethod(MethodInvocationHelper.java:134)
at org.testng.internal.TestInvoker.invokeMethod(TestInvoker.java:597)
at org.testng.internal.TestInvoker.invokeTestMethod(TestInvoker.java:173)
at org.testng.internal.MethodRunner.runInSequence(MethodRunner.java:46)
at org.testng.internal.TestInvoker$MethodInvocationAgent.invoke(TestInvoker.java:816)
at org.testng.internal.TestInvoker.invokeTestMethods(TestInvoker.java:146)
at org.testng.internal.TestMethodWorker.invokeTestMethods(TestMethodWorker.java:146)
at org.testng.internal.TestMethodWorker.run(TestMethodWorker.java:128)
at java.base/java.util.ArrayList.forEach(ArrayList.java:1541)
at org.testng.TestRunner.privateRun(TestRunner.java:766)
at org.testng.TestRunner.run(TestRunner.java:587)
at org.testng.SuiteRunner.runTest(SuiteRunner.java:384)
at org.testng.SuiteRunner.runSequentially(SuiteRunner.java:378)
at org.testng.SuiteRunner.privateRun(SuiteRunner.java:337)
at org.testng.SuiteRunner.run(SuiteRunner.java:286)
at org.testng.SuiteRunnerWorker.runSuite(SuiteRunnerWorker.java:53)
at org.testng.SuiteRunnerWorker.run(SuiteRunnerWorker.java:96)
at org.testng.TestNG.runSuitesSequentially(TestNG.java:1187)
at org.testng.TestNG.runSuitesLocally(TestNG.java:1109)
at org.testng.TestNG.runSuites(TestNG.java:1039)
at org.testng.TestNG.run(TestNG.java:1007)
at org.apache.maven.surefire.testng.TestNGExecutor.run(TestNGExecutor.java:284)
at org.apache.maven.surefire.testng.TestNGXmlTestSuite.execute(TestNGXmlTestSuite.java:75)
at org.apache.maven.surefire.testng.TestNGProvider.invoke(TestNGProvider.java:119)
at org.apache.maven.surefire.booter.ForkedBooter.runSuitesInProcess(ForkedBooter.java:428)
at org.apache.maven.surefire.booter.ForkedBooter.execute(ForkedBooter.java:162)
at org.apache.maven.surefire.booter.ForkedBooter.run(ForkedBooter.java:562)
at org.apache.maven.surefire.booter.ForkedBooter.main(ForkedBooter.java:548)
]]>
            </full-stacktrace>
          </exception> <!-- org.openqa.selenium.NoSuchElementException -->
          <reporter-output>
          </reporter-output>
        </test-method> <!-- verifyExpiredLink -->
        <test-method is-config="true" signature="tearDown(org.testng.ITestResult)[pri:0, instance:com.CallHippo.web.authentication.SignupTest@48d5f34e]" started-at="2020-11-15T00:45:52 IST" name="tearDown" finished-at="2020-11-15T00:45:53 IST" duration-ms="1046" status="PASS">
          <params>
            <param index="0">
              <value>
                <![CDATA[[TestResult name=verifyExpiredLink status=FAILURE method=SignupTest.verifyExpiredLink()[pri:17, instance:com.CallHippo.web.authentication.SignupTest@48d5f34e] output={null}]]]>
              </value>
            </param>
          </params>
          <reporter-output>
          </reporter-output>
        </test-method> <!-- tearDown -->
      </class> <!-- com.CallHippo.web.authentication.SignupTest -->
    </test> <!-- Web signup test cases(failed) -->
    <test started-at="2020-11-15T00:45:53 IST" name="Web login test cases(failed)" finished-at="2020-11-15T00:48:03 IST" duration-ms="130292">
      <class name="com.CallHippo.web.authentication.LoginTest">
        <test-method is-config="true" signature="deleteAllMails()[pri:0, instance:com.CallHippo.web.authentication.LoginTest@784c3487]" started-at="2020-11-15T00:45:53 IST" name="deleteAllMails" finished-at="2020-11-15T00:46:53 IST" duration-ms="59759" status="PASS">
          <reporter-output>
          </reporter-output>
        </test-method> <!-- deleteAllMails -->
        <test-method is-config="true" signature="initialization()[pri:0, instance:com.CallHippo.web.authentication.LoginTest@784c3487]" started-at="2020-11-15T00:46:53 IST" name="initialization" finished-at="2020-11-15T00:47:01 IST" duration-ms="8748" status="PASS">
          <reporter-output>
          </reporter-output>
        </test-method> <!-- initialization -->
        <test-method signature="validation_for_BlockedUser()[pri:8, instance:com.CallHippo.web.authentication.LoginTest@784c3487]" started-at="2020-11-15T00:47:01 IST" name="validation_for_BlockedUser" finished-at="2020-11-15T00:48:02 IST" duration-ms="60831" status="FAIL">
          <exception class="org.openqa.selenium.TimeoutException">
            <message>
              <![CDATA[Expected condition failed: waiting for title to contain "Subscribe | Callhippo.com". Current title: "Login | Callhippo.com" (tried for 60 second(s) with 500 milliseconds interval)
Build info: version: '3.141.59', revision: 'e82be7d358', time: '2018-11-14T08:17:03'
System info: host: 'DESKTOP-2UA8D8B', ip: '192.168.1.45', os.name: 'Windows 10', os.arch: 'amd64', os.version: '10.0', java.version: '11.0.8'
Driver info: org.openqa.selenium.chrome.ChromeDriver
Capabilities {acceptInsecureCerts: false, browserName: chrome, browserVersion: 86.0.4240.193, chrome: {chromedriverVersion: 85.0.4183.87 (cd6713ebf92fa..., userDataDir: C:\Users\APPITS~1\AppData\L...}, goog:chromeOptions: {debuggerAddress: localhost:58606}, javascriptEnabled: true, networkConnectionEnabled: false, pageLoadStrategy: normal, platform: WINDOWS, platformName: WINDOWS, proxy: Proxy(), setWindowRect: true, strictFileInteractability: false, timeouts: {implicit: 0, pageLoad: 300000, script: 30000}, unhandledPromptBehavior: dismiss and notify, webauthn:virtualAuthenticators: true}
Session ID: bc1553df4951f8bae65465ff68aac5ec]]>
            </message>
            <full-stacktrace>
              <![CDATA[org.openqa.selenium.TimeoutException: Expected condition failed: waiting for title to contain "Subscribe | Callhippo.com". Current title: "Login | Callhippo.com" (tried for 60 second(s) with 500 milliseconds interval)
Build info: version: '3.141.59', revision: 'e82be7d358', time: '2018-11-14T08:17:03'
System info: host: 'DESKTOP-2UA8D8B', ip: '192.168.1.45', os.name: 'Windows 10', os.arch: 'amd64', os.version: '10.0', java.version: '11.0.8'
Driver info: org.openqa.selenium.chrome.ChromeDriver
Capabilities {acceptInsecureCerts: false, browserName: chrome, browserVersion: 86.0.4240.193, chrome: {chromedriverVersion: 85.0.4183.87 (cd6713ebf92fa..., userDataDir: C:\Users\APPITS~1\AppData\L...}, goog:chromeOptions: {debuggerAddress: localhost:58606}, javascriptEnabled: true, networkConnectionEnabled: false, pageLoadStrategy: normal, platform: WINDOWS, platformName: WINDOWS, proxy: Proxy(), setWindowRect: true, strictFileInteractability: false, timeouts: {implicit: 0, pageLoad: 300000, script: 30000}, unhandledPromptBehavior: dismiss and notify, webauthn:virtualAuthenticators: true}
Session ID: bc1553df4951f8bae65465ff68aac5ec
at org.openqa.selenium.support.ui.WebDriverWait.timeoutException(WebDriverWait.java:95)
at org.openqa.selenium.support.ui.FluentWait.until(FluentWait.java:272)
at com.CallHippo.web.authentication.LoginPage.verifySubscribeTitle(LoginPage.java:281)
at com.CallHippo.web.authentication.LoginTest.validation_for_BlockedUser(LoginTest.java:170)
at java.base/jdk.internal.reflect.NativeMethodAccessorImpl.invoke0(Native Method)
at java.base/jdk.internal.reflect.NativeMethodAccessorImpl.invoke(NativeMethodAccessorImpl.java:62)
at java.base/jdk.internal.reflect.DelegatingMethodAccessorImpl.invoke(DelegatingMethodAccessorImpl.java:43)
at java.base/java.lang.reflect.Method.invoke(Method.java:566)
at org.testng.internal.MethodInvocationHelper.invokeMethod(MethodInvocationHelper.java:134)
at org.testng.internal.TestInvoker.invokeMethod(TestInvoker.java:597)
at org.testng.internal.TestInvoker.invokeTestMethod(TestInvoker.java:173)
at org.testng.internal.MethodRunner.runInSequence(MethodRunner.java:46)
at org.testng.internal.TestInvoker$MethodInvocationAgent.invoke(TestInvoker.java:816)
at org.testng.internal.TestInvoker.invokeTestMethods(TestInvoker.java:146)
at org.testng.internal.TestMethodWorker.invokeTestMethods(TestMethodWorker.java:146)
at org.testng.internal.TestMethodWorker.run(TestMethodWorker.java:128)
at java.base/java.util.ArrayList.forEach(ArrayList.java:1541)
at org.testng.TestRunner.privateRun(TestRunner.java:766)
at org.testng.TestRunner.run(TestRunner.java:587)
at org.testng.SuiteRunner.runTest(SuiteRunner.java:384)
at org.testng.SuiteRunner.runSequentially(SuiteRunner.java:378)
at org.testng.SuiteRunner.privateRun(SuiteRunner.java:337)
at org.testng.SuiteRunner.run(SuiteRunner.java:286)
at org.testng.SuiteRunnerWorker.runSuite(SuiteRunnerWorker.java:53)
at org.testng.SuiteRunnerWorker.run(SuiteRunnerWorker.java:96)
at org.testng.TestNG.runSuitesSequentially(TestNG.java:1187)
at org.testng.TestNG.runSuitesLocally(TestNG.java:1109)
at org.testng.TestNG.runSuites(TestNG.java:1039)
at org.testng.TestNG.run(TestNG.java:1007)
at org.apache.maven.surefire.testng.TestNGExecutor.run(TestNGExecutor.java:284)
at org.apache.maven.surefire.testng.TestNGXmlTestSuite.execute(TestNGXmlTestSuite.java:75)
at org.apache.maven.surefire.testng.TestNGProvider.invoke(TestNGProvider.java:119)
at org.apache.maven.surefire.booter.ForkedBooter.runSuitesInProcess(ForkedBooter.java:428)
at org.apache.maven.surefire.booter.ForkedBooter.execute(ForkedBooter.java:162)
at org.apache.maven.surefire.booter.ForkedBooter.run(ForkedBooter.java:562)
at org.apache.maven.surefire.booter.ForkedBooter.main(ForkedBooter.java:548)
]]>
            </full-stacktrace>
          </exception> <!-- org.openqa.selenium.TimeoutException -->
          <reporter-output>
          </reporter-output>
        </test-method> <!-- validation_for_BlockedUser -->
        <test-method is-config="true" signature="tearDown(org.testng.ITestResult)[pri:0, instance:com.CallHippo.web.authentication.LoginTest@784c3487]" started-at="2020-11-15T00:48:02 IST" name="tearDown" finished-at="2020-11-15T00:48:03 IST" duration-ms="952" status="PASS">
          <params>
            <param index="0">
              <value>
                <![CDATA[[TestResult name=validation_for_BlockedUser status=FAILURE method=LoginTest.validation_for_BlockedUser()[pri:8, instance:com.CallHippo.web.authentication.LoginTest@784c3487] output={null}]]]>
              </value>
            </param>
          </params>
          <reporter-output>
          </reporter-output>
        </test-method> <!-- tearDown -->
      </class> <!-- com.CallHippo.web.authentication.LoginTest -->
    </test> <!-- Web login test cases(failed) -->
    <test started-at="2020-11-15T00:48:03 IST" name="Web forgot password test cases(failed)" finished-at="2020-11-15T00:53:45 IST" duration-ms="341326">
      <class name="com.CallHippo.web.authentication.ForgotPasswordTest">
        <test-method is-config="true" signature="deleteAllMails()[pri:0, instance:com.CallHippo.web.authentication.ForgotPasswordTest@4097cac]" started-at="2020-11-15T00:48:03 IST" name="deleteAllMails" finished-at="2020-11-15T00:49:03 IST" duration-ms="60228" status="PASS">
          <reporter-output>
          </reporter-output>
        </test-method> <!-- deleteAllMails -->
        <test-method is-config="true" signature="initialization()[pri:0, instance:com.CallHippo.web.authentication.ForgotPasswordTest@4097cac]" started-at="2020-11-15T00:49:03 IST" name="initialization" finished-at="2020-11-15T00:49:12 IST" duration-ms="8892" status="PASS">
          <reporter-output>
          </reporter-output>
        </test-method> <!-- initialization -->
        <test-method signature="reset_password_without_entering_any_value_in_reset_password_page()[pri:9, instance:com.CallHippo.web.authentication.ForgotPasswordTest@4097cac]" started-at="2020-11-15T00:49:12 IST" name="reset_password_without_entering_any_value_in_reset_password_page" finished-at="2020-11-15T00:49:40 IST" duration-ms="27836" status="PASS">
          <reporter-output>
          </reporter-output>
        </test-method> <!-- reset_password_without_entering_any_value_in_reset_password_page -->
        <test-method is-config="true" signature="tearDown(org.testng.ITestResult)[pri:0, instance:com.CallHippo.web.authentication.ForgotPasswordTest@4097cac]" started-at="2020-11-15T00:49:40 IST" name="tearDown" finished-at="2020-11-15T00:49:41 IST" duration-ms="902" status="PASS">
          <params>
            <param index="0">
              <value>
                <![CDATA[[TestResult name=reset_password_without_entering_any_value_in_reset_password_page status=SUCCESS method=ForgotPasswordTest.reset_password_without_entering_any_value_in_reset_password_page()[pri:9, instance:com.CallHippo.web.authentication.ForgotPasswordTest@4097cac] output={null}]]]>
              </value>
            </param>
          </params>
          <reporter-output>
          </reporter-output>
        </test-method> <!-- tearDown -->
        <test-method is-config="true" signature="initialization()[pri:0, instance:com.CallHippo.web.authentication.ForgotPasswordTest@4097cac]" started-at="2020-11-15T00:49:41 IST" name="initialization" finished-at="2020-11-15T00:49:50 IST" duration-ms="8838" status="PASS">
          <reporter-output>
          </reporter-output>
        </test-method> <!-- initialization -->
        <test-method signature="reset_Password_and_login_successfully()[pri:12, instance:com.CallHippo.web.authentication.ForgotPasswordTest@4097cac]" started-at="2020-11-15T00:49:50 IST" name="reset_Password_and_login_successfully" finished-at="2020-11-15T00:50:22 IST" duration-ms="32268" status="PASS">
          <reporter-output>
          </reporter-output>
        </test-method> <!-- reset_Password_and_login_successfully -->
        <test-method is-config="true" signature="tearDown(org.testng.ITestResult)[pri:0, instance:com.CallHippo.web.authentication.ForgotPasswordTest@4097cac]" started-at="2020-11-15T00:50:22 IST" name="tearDown" finished-at="2020-11-15T00:50:23 IST" duration-ms="1000" status="PASS">
          <params>
            <param index="0">
              <value>
                <![CDATA[[TestResult name=reset_Password_and_login_successfully status=SUCCESS method=ForgotPasswordTest.reset_Password_and_login_successfully()[pri:12, instance:com.CallHippo.web.authentication.ForgotPasswordTest@4097cac] output={null}]]]>
              </value>
            </param>
          </params>
          <reporter-output>
          </reporter-output>
        </test-method> <!-- tearDown -->
        <test-method is-config="true" signature="initialization()[pri:0, instance:com.CallHippo.web.authentication.ForgotPasswordTest@4097cac]" started-at="2020-11-15T00:50:23 IST" name="initialization" finished-at="2020-11-15T00:50:32 IST" duration-ms="8604" status="PASS">
          <reporter-output>
          </reporter-output>
        </test-method> <!-- initialization -->
        <test-method signature="reset_Password_successfully()[pri:13, instance:com.CallHippo.web.authentication.ForgotPasswordTest@4097cac]" started-at="2020-11-15T00:50:32 IST" name="reset_Password_successfully" finished-at="2020-11-15T00:53:44 IST" duration-ms="191776" status="FAIL">
          <exception class="org.openqa.selenium.TimeoutException">
            <message>
              <![CDATA[Expected condition failed: waiting for visibility of Proxy element for: DefaultElementLocator 'By.xpath: //input[@name='confirmPassword']' (tried for 60 second(s) with 500 milliseconds interval)]]>
            </message>
            <full-stacktrace>
              <![CDATA[org.openqa.selenium.TimeoutException: Expected condition failed: waiting for visibility of Proxy element for: DefaultElementLocator 'By.xpath: //input[@name='confirmPassword']' (tried for 60 second(s) with 500 milliseconds interval)
at org.openqa.selenium.support.ui.WebDriverWait.timeoutException(WebDriverWait.java:95)
at org.openqa.selenium.support.ui.FluentWait.until(FluentWait.java:272)
at com.CallHippo.web.authentication.ForgotPasswordPage.enterConfirmPassword(ForgotPasswordPage.java:496)
at com.CallHippo.web.authentication.ForgotPasswordTest.reset_Password_successfully(ForgotPasswordTest.java:254)
at java.base/jdk.internal.reflect.NativeMethodAccessorImpl.invoke0(Native Method)
at java.base/jdk.internal.reflect.NativeMethodAccessorImpl.invoke(NativeMethodAccessorImpl.java:62)
at java.base/jdk.internal.reflect.DelegatingMethodAccessorImpl.invoke(DelegatingMethodAccessorImpl.java:43)
at java.base/java.lang.reflect.Method.invoke(Method.java:566)
at org.testng.internal.MethodInvocationHelper.invokeMethod(MethodInvocationHelper.java:134)
at org.testng.internal.TestInvoker.invokeMethod(TestInvoker.java:597)
at org.testng.internal.TestInvoker.invokeTestMethod(TestInvoker.java:173)
at org.testng.internal.MethodRunner.runInSequence(MethodRunner.java:46)
at org.testng.internal.TestInvoker$MethodInvocationAgent.invoke(TestInvoker.java:816)
at org.testng.internal.TestInvoker.invokeTestMethods(TestInvoker.java:146)
at org.testng.internal.TestMethodWorker.invokeTestMethods(TestMethodWorker.java:146)
at org.testng.internal.TestMethodWorker.run(TestMethodWorker.java:128)
at java.base/java.util.ArrayList.forEach(ArrayList.java:1541)
at org.testng.TestRunner.privateRun(TestRunner.java:766)
at org.testng.TestRunner.run(TestRunner.java:587)
at org.testng.SuiteRunner.runTest(SuiteRunner.java:384)
at org.testng.SuiteRunner.runSequentially(SuiteRunner.java:378)
at org.testng.SuiteRunner.privateRun(SuiteRunner.java:337)
at org.testng.SuiteRunner.run(SuiteRunner.java:286)
at org.testng.SuiteRunnerWorker.runSuite(SuiteRunnerWorker.java:53)
at org.testng.SuiteRunnerWorker.run(SuiteRunnerWorker.java:96)
at org.testng.TestNG.runSuitesSequentially(TestNG.java:1187)
at org.testng.TestNG.runSuitesLocally(TestNG.java:1109)
at org.testng.TestNG.runSuites(TestNG.java:1039)
at org.testng.TestNG.run(TestNG.java:1007)
at org.apache.maven.surefire.testng.TestNGExecutor.run(TestNGExecutor.java:284)
at org.apache.maven.surefire.testng.TestNGXmlTestSuite.execute(TestNGXmlTestSuite.java:75)
at org.apache.maven.surefire.testng.TestNGProvider.invoke(TestNGProvider.java:119)
at org.apache.maven.surefire.booter.ForkedBooter.runSuitesInProcess(ForkedBooter.java:428)
at org.apache.maven.surefire.booter.ForkedBooter.execute(ForkedBooter.java:162)
at org.apache.maven.surefire.booter.ForkedBooter.run(ForkedBooter.java:562)
at org.apache.maven.surefire.booter.ForkedBooter.main(ForkedBooter.java:548)
Caused by: org.openqa.selenium.NoSuchElementException: no such element: Unable to locate element: {"method":"xpath","selector":"//input[@name='confirmPassword']"}
  (Session info: chrome=86.0.4240.193)
For documentation on this error, please visit: https://www.seleniumhq.org/exceptions/no_such_element.html
Build info: version: '3.141.59', revision: 'e82be7d358', time: '2018-11-14T08:17:03'
System info: host: 'DESKTOP-2UA8D8B', ip: '192.168.1.45', os.name: 'Windows 10', os.arch: 'amd64', os.version: '10.0', java.version: '11.0.8'
Driver info: org.openqa.selenium.chrome.ChromeDriver
Capabilities {acceptInsecureCerts: false, browserName: chrome, browserVersion: 86.0.4240.193, chrome: {chromedriverVersion: 85.0.4183.87 (cd6713ebf92fa..., userDataDir: C:\Users\APPITS~1\AppData\L...}, goog:chromeOptions: {debuggerAddress: localhost:58915}, javascriptEnabled: true, networkConnectionEnabled: false, pageLoadStrategy: normal, platform: WINDOWS, platformName: WINDOWS, proxy: Proxy(), setWindowRect: true, strictFileInteractability: false, timeouts: {implicit: 0, pageLoad: 300000, script: 30000}, unhandledPromptBehavior: dismiss and notify, webauthn:virtualAuthenticators: true}
Session ID: 1065fcecff3d9cb38651c165e4538e63
*** Element info: {Using=xpath, value=//input[@name='confirmPassword']}
at jdk.internal.reflect.GeneratedConstructorAccessor38.newInstance(Unknown Source)
at java.base/jdk.internal.reflect.DelegatingConstructorAccessorImpl.newInstance(DelegatingConstructorAccessorImpl.java:45)
at java.base/java.lang.reflect.Constructor.newInstance(Constructor.java:490)
at org.openqa.selenium.remote.http.W3CHttpResponseCodec.createException(W3CHttpResponseCodec.java:187)
at org.openqa.selenium.remote.http.W3CHttpResponseCodec.decode(W3CHttpResponseCodec.java:122)
at org.openqa.selenium.remote.http.W3CHttpResponseCodec.decode(W3CHttpResponseCodec.java:49)
at org.openqa.selenium.remote.HttpCommandExecutor.execute(HttpCommandExecutor.java:158)
at org.openqa.selenium.remote.service.DriverCommandExecutor.execute(DriverCommandExecutor.java:83)
at org.openqa.selenium.remote.RemoteWebDriver.execute(RemoteWebDriver.java:552)
at org.openqa.selenium.remote.RemoteWebDriver.findElement(RemoteWebDriver.java:323)
at org.openqa.selenium.remote.RemoteWebDriver.findElementByXPath(RemoteWebDriver.java:428)
at org.openqa.selenium.By$ByXPath.findElement(By.java:353)
at org.openqa.selenium.remote.RemoteWebDriver.findElement(RemoteWebDriver.java:315)
at org.openqa.selenium.support.pagefactory.DefaultElementLocator.findElement(DefaultElementLocator.java:69)
at org.openqa.selenium.support.pagefactory.internal.LocatingElementHandler.invoke(LocatingElementHandler.java:38)
at com.sun.proxy.$Proxy12.isDisplayed(Unknown Source)
at org.openqa.selenium.support.ui.ExpectedConditions.elementIfVisible(ExpectedConditions.java:314)
at org.openqa.selenium.support.ui.ExpectedConditions.access$000(ExpectedConditions.java:43)
at org.openqa.selenium.support.ui.ExpectedConditions$10.apply(ExpectedConditions.java:300)
at org.openqa.selenium.support.ui.ExpectedConditions$10.apply(ExpectedConditions.java:297)
at org.openqa.selenium.support.ui.FluentWait.until(FluentWait.java:249)
... 34 more
]]>
            </full-stacktrace>
          </exception> <!-- org.openqa.selenium.TimeoutException -->
          <reporter-output>
          </reporter-output>
        </test-method> <!-- reset_Password_successfully -->
        <test-method is-config="true" signature="tearDown(org.testng.ITestResult)[pri:0, instance:com.CallHippo.web.authentication.ForgotPasswordTest@4097cac]" started-at="2020-11-15T00:53:44 IST" name="tearDown" finished-at="2020-11-15T00:53:45 IST" duration-ms="968" status="PASS">
          <params>
            <param index="0">
              <value>
                <![CDATA[[TestResult name=reset_Password_successfully status=FAILURE method=ForgotPasswordTest.reset_Password_successfully()[pri:13, instance:com.CallHippo.web.authentication.ForgotPasswordTest@4097cac] output={null}]]]>
              </value>
            </param>
          </params>
          <reporter-output>
          </reporter-output>
        </test-method> <!-- tearDown -->
        <test-method signature="reset_Password_twice()[pri:14, instance:com.CallHippo.web.authentication.ForgotPasswordTest@4097cac]" started-at="2020-11-15T00:53:45 IST" name="reset_Password_twice" finished-at="2020-11-15T00:53:45 IST" depends-on-methods="com.CallHippo.web.authentication.ForgotPasswordTest.reset_Password_successfully" duration-ms="0" status="SKIP">
          <exception class="java.lang.Throwable">
            <message>
              <![CDATA[Method ForgotPasswordTest.reset_Password_twice()[pri:14, instance:com.CallHippo.web.authentication.ForgotPasswordTest@4097cac] depends on not successfully finished methods]]>
            </message>
            <full-stacktrace>
              <![CDATA[java.lang.Throwable: Method ForgotPasswordTest.reset_Password_twice()[pri:14, instance:com.CallHippo.web.authentication.ForgotPasswordTest@4097cac] depends on not successfully finished methods
at org.testng.internal.TestInvoker.invokeTestMethods(TestInvoker.java:101)
at org.testng.internal.TestMethodWorker.invokeTestMethods(TestMethodWorker.java:146)
at org.testng.internal.TestMethodWorker.run(TestMethodWorker.java:128)
at java.base/java.util.ArrayList.forEach(ArrayList.java:1541)
at org.testng.TestRunner.privateRun(TestRunner.java:766)
at org.testng.TestRunner.run(TestRunner.java:587)
at org.testng.SuiteRunner.runTest(SuiteRunner.java:384)
at org.testng.SuiteRunner.runSequentially(SuiteRunner.java:378)
at org.testng.SuiteRunner.privateRun(SuiteRunner.java:337)
at org.testng.SuiteRunner.run(SuiteRunner.java:286)
at org.testng.SuiteRunnerWorker.runSuite(SuiteRunnerWorker.java:53)
at org.testng.SuiteRunnerWorker.run(SuiteRunnerWorker.java:96)
at org.testng.TestNG.runSuitesSequentially(TestNG.java:1187)
at org.testng.TestNG.runSuitesLocally(TestNG.java:1109)
at org.testng.TestNG.runSuites(TestNG.java:1039)
at org.testng.TestNG.run(TestNG.java:1007)
at org.apache.maven.surefire.testng.TestNGExecutor.run(TestNGExecutor.java:284)
at org.apache.maven.surefire.testng.TestNGXmlTestSuite.execute(TestNGXmlTestSuite.java:75)
at org.apache.maven.surefire.testng.TestNGProvider.invoke(TestNGProvider.java:119)
at org.apache.maven.surefire.booter.ForkedBooter.runSuitesInProcess(ForkedBooter.java:428)
at org.apache.maven.surefire.booter.ForkedBooter.execute(ForkedBooter.java:162)
at org.apache.maven.surefire.booter.ForkedBooter.run(ForkedBooter.java:562)
at org.apache.maven.surefire.booter.ForkedBooter.main(ForkedBooter.java:548)
]]>
            </full-stacktrace>
          </exception> <!-- java.lang.Throwable -->
          <reporter-output>
          </reporter-output>
        </test-method> <!-- reset_Password_twice -->
      </class> <!-- com.CallHippo.web.authentication.ForgotPasswordTest -->
    </test> <!-- Web forgot password test cases(failed) -->
    <test started-at="2020-11-15T00:53:45 IST" name="Web magic link test cases(failed)" finished-at="2020-11-15T00:57:01 IST" duration-ms="196807">
      <class name="com.CallHippo.web.authentication.MagicLinkTest">
        <test-method is-config="true" signature="deleteAllMails()[pri:0, instance:com.CallHippo.web.authentication.MagicLinkTest@544820b7]" started-at="2020-11-15T00:53:45 IST" name="deleteAllMails" finished-at="2020-11-15T00:54:43 IST" duration-ms="58663" status="PASS">
          <reporter-output>
          </reporter-output>
        </test-method> <!-- deleteAllMails -->
        <test-method is-config="true" signature="initialization()[pri:0, instance:com.CallHippo.web.authentication.MagicLinkTest@544820b7]" started-at="2020-11-15T00:54:43 IST" name="initialization" finished-at="2020-11-15T00:54:52 IST" duration-ms="8999" status="PASS">
          <reporter-output>
          </reporter-output>
        </test-method> <!-- initialization -->
        <test-method signature="verify_email_validation_with_Registered_email()[pri:6, instance:com.CallHippo.web.authentication.MagicLinkTest@544820b7]" started-at="2020-11-15T00:54:52 IST" name="verify_email_validation_with_Registered_email" finished-at="2020-11-15T00:54:56 IST" duration-ms="3870" status="PASS">
          <reporter-output>
          </reporter-output>
        </test-method> <!-- verify_email_validation_with_Registered_email -->
        <test-method is-config="true" signature="tearDown(org.testng.ITestResult)[pri:0, instance:com.CallHippo.web.authentication.MagicLinkTest@544820b7]" started-at="2020-11-15T00:54:56 IST" name="tearDown" finished-at="2020-11-15T00:54:57 IST" duration-ms="908" status="PASS">
          <params>
            <param index="0">
              <value>
                <![CDATA[[TestResult name=verify_email_validation_with_Registered_email status=SUCCESS method=MagicLinkTest.verify_email_validation_with_Registered_email()[pri:6, instance:com.CallHippo.web.authentication.MagicLinkTest@544820b7] output={null}]]]>
              </value>
            </param>
          </params>
          <reporter-output>
          </reporter-output>
        </test-method> <!-- tearDown -->
        <test-method is-config="true" signature="initialization()[pri:0, instance:com.CallHippo.web.authentication.MagicLinkTest@544820b7]" started-at="2020-11-15T00:54:57 IST" name="initialization" finished-at="2020-11-15T00:55:06 IST" duration-ms="8858" status="PASS">
          <reporter-output>
          </reporter-output>
        </test-method> <!-- initialization -->
        <test-method signature="verify_MagicLink_on_Gmail_inbox()[pri:8, instance:com.CallHippo.web.authentication.MagicLinkTest@544820b7]" started-at="2020-11-15T00:55:06 IST" name="verify_MagicLink_on_Gmail_inbox" finished-at="2020-11-15T00:55:29 IST" depends-on-methods="com.CallHippo.web.authentication.MagicLinkTest.verify_email_validation_with_Registered_email" duration-ms="23279" status="PASS">
          <reporter-output>
          </reporter-output>
        </test-method> <!-- verify_MagicLink_on_Gmail_inbox -->
        <test-method is-config="true" signature="tearDown(org.testng.ITestResult)[pri:0, instance:com.CallHippo.web.authentication.MagicLinkTest@544820b7]" started-at="2020-11-15T00:55:29 IST" name="tearDown" finished-at="2020-11-15T00:55:30 IST" duration-ms="995" status="PASS">
          <params>
            <param index="0">
              <value>
                <![CDATA[[TestResult name=verify_MagicLink_on_Gmail_inbox status=SUCCESS method=MagicLinkTest.verify_MagicLink_on_Gmail_inbox()[pri:8, instance:com.CallHippo.web.authentication.MagicLinkTest@544820b7] output={null}]]]>
              </value>
            </param>
          </params>
          <reporter-output>
          </reporter-output>
        </test-method> <!-- tearDown -->
        <test-method is-config="true" signature="initialization()[pri:0, instance:com.CallHippo.web.authentication.MagicLinkTest@544820b7]" started-at="2020-11-15T00:55:30 IST" name="initialization" finished-at="2020-11-15T00:55:39 IST" duration-ms="8705" status="PASS">
          <reporter-output>
          </reporter-output>
        </test-method> <!-- initialization -->
        <test-method signature="verify_MagicLink_with_blocked_user()[pri:9, instance:com.CallHippo.web.authentication.MagicLinkTest@544820b7]" started-at="2020-11-15T00:55:39 IST" name="verify_MagicLink_with_blocked_user" finished-at="2020-11-15T00:57:00 IST" duration-ms="81508" status="FAIL">
          <exception class="org.openqa.selenium.TimeoutException">
            <message>
              <![CDATA[Expected condition failed: waiting for title to be "Subscribe | Callhippo.com". Current title: "Login | Callhippo.com" (tried for 60 second(s) with 500 milliseconds interval)
Build info: version: '3.141.59', revision: 'e82be7d358', time: '2018-11-14T08:17:03'
System info: host: 'DESKTOP-2UA8D8B', ip: '192.168.1.45', os.name: 'Windows 10', os.arch: 'amd64', os.version: '10.0', java.version: '11.0.8'
Driver info: org.openqa.selenium.chrome.ChromeDriver
Capabilities {acceptInsecureCerts: false, browserName: chrome, browserVersion: 86.0.4240.193, chrome: {chromedriverVersion: 85.0.4183.87 (cd6713ebf92fa..., userDataDir: C:\Users\APPITS~1\AppData\L...}, goog:chromeOptions: {debuggerAddress: localhost:59257}, javascriptEnabled: true, networkConnectionEnabled: false, pageLoadStrategy: normal, platform: WINDOWS, platformName: WINDOWS, proxy: Proxy(), setWindowRect: true, strictFileInteractability: false, timeouts: {implicit: 0, pageLoad: 300000, script: 30000}, unhandledPromptBehavior: dismiss and notify, webauthn:virtualAuthenticators: true}
Session ID: 05288a32acd948bad70f1a23e4ca6729]]>
            </message>
            <full-stacktrace>
              <![CDATA[org.openqa.selenium.TimeoutException: Expected condition failed: waiting for title to be "Subscribe | Callhippo.com". Current title: "Login | Callhippo.com" (tried for 60 second(s) with 500 milliseconds interval)
Build info: version: '3.141.59', revision: 'e82be7d358', time: '2018-11-14T08:17:03'
System info: host: 'DESKTOP-2UA8D8B', ip: '192.168.1.45', os.name: 'Windows 10', os.arch: 'amd64', os.version: '10.0', java.version: '11.0.8'
Driver info: org.openqa.selenium.chrome.ChromeDriver
Capabilities {acceptInsecureCerts: false, browserName: chrome, browserVersion: 86.0.4240.193, chrome: {chromedriverVersion: 85.0.4183.87 (cd6713ebf92fa..., userDataDir: C:\Users\APPITS~1\AppData\L...}, goog:chromeOptions: {debuggerAddress: localhost:59257}, javascriptEnabled: true, networkConnectionEnabled: false, pageLoadStrategy: normal, platform: WINDOWS, platformName: WINDOWS, proxy: Proxy(), setWindowRect: true, strictFileInteractability: false, timeouts: {implicit: 0, pageLoad: 300000, script: 30000}, unhandledPromptBehavior: dismiss and notify, webauthn:virtualAuthenticators: true}
Session ID: 05288a32acd948bad70f1a23e4ca6729
at org.openqa.selenium.support.ui.WebDriverWait.timeoutException(WebDriverWait.java:95)
at org.openqa.selenium.support.ui.FluentWait.until(FluentWait.java:272)
at com.CallHippo.web.authentication.MagicLinkPage.validateErrormessageOfBlockedUser(MagicLinkPage.java:161)
at com.CallHippo.web.authentication.MagicLinkTest.verify_MagicLink_with_blocked_user(MagicLinkTest.java:184)
at java.base/jdk.internal.reflect.NativeMethodAccessorImpl.invoke0(Native Method)
at java.base/jdk.internal.reflect.NativeMethodAccessorImpl.invoke(NativeMethodAccessorImpl.java:62)
at java.base/jdk.internal.reflect.DelegatingMethodAccessorImpl.invoke(DelegatingMethodAccessorImpl.java:43)
at java.base/java.lang.reflect.Method.invoke(Method.java:566)
at org.testng.internal.MethodInvocationHelper.invokeMethod(MethodInvocationHelper.java:134)
at org.testng.internal.TestInvoker.invokeMethod(TestInvoker.java:597)
at org.testng.internal.TestInvoker.invokeTestMethod(TestInvoker.java:173)
at org.testng.internal.MethodRunner.runInSequence(MethodRunner.java:46)
at org.testng.internal.TestInvoker$MethodInvocationAgent.invoke(TestInvoker.java:816)
at org.testng.internal.TestInvoker.invokeTestMethods(TestInvoker.java:146)
at org.testng.internal.TestMethodWorker.invokeTestMethods(TestMethodWorker.java:146)
at org.testng.internal.TestMethodWorker.run(TestMethodWorker.java:128)
at java.base/java.util.ArrayList.forEach(ArrayList.java:1541)
at org.testng.TestRunner.privateRun(TestRunner.java:766)
at org.testng.TestRunner.run(TestRunner.java:587)
at org.testng.SuiteRunner.runTest(SuiteRunner.java:384)
at org.testng.SuiteRunner.runSequentially(SuiteRunner.java:378)
at org.testng.SuiteRunner.privateRun(SuiteRunner.java:337)
at org.testng.SuiteRunner.run(SuiteRunner.java:286)
at org.testng.SuiteRunnerWorker.runSuite(SuiteRunnerWorker.java:53)
at org.testng.SuiteRunnerWorker.run(SuiteRunnerWorker.java:96)
at org.testng.TestNG.runSuitesSequentially(TestNG.java:1187)
at org.testng.TestNG.runSuitesLocally(TestNG.java:1109)
at org.testng.TestNG.runSuites(TestNG.java:1039)
at org.testng.TestNG.run(TestNG.java:1007)
at org.apache.maven.surefire.testng.TestNGExecutor.run(TestNGExecutor.java:284)
at org.apache.maven.surefire.testng.TestNGXmlTestSuite.execute(TestNGXmlTestSuite.java:75)
at org.apache.maven.surefire.testng.TestNGProvider.invoke(TestNGProvider.java:119)
at org.apache.maven.surefire.booter.ForkedBooter.runSuitesInProcess(ForkedBooter.java:428)
at org.apache.maven.surefire.booter.ForkedBooter.execute(ForkedBooter.java:162)
at org.apache.maven.surefire.booter.ForkedBooter.run(ForkedBooter.java:562)
at org.apache.maven.surefire.booter.ForkedBooter.main(ForkedBooter.java:548)
]]>
            </full-stacktrace>
          </exception> <!-- org.openqa.selenium.TimeoutException -->
          <reporter-output>
          </reporter-output>
        </test-method> <!-- verify_MagicLink_with_blocked_user -->
        <test-method is-config="true" signature="tearDown(org.testng.ITestResult)[pri:0, instance:com.CallHippo.web.authentication.MagicLinkTest@544820b7]" started-at="2020-11-15T00:57:00 IST" name="tearDown" finished-at="2020-11-15T00:57:01 IST" duration-ms="1015" status="PASS">
          <params>
            <param index="0">
              <value>
                <![CDATA[[TestResult name=verify_MagicLink_with_blocked_user status=FAILURE method=MagicLinkTest.verify_MagicLink_with_blocked_user()[pri:9, instance:com.CallHippo.web.authentication.MagicLinkTest@544820b7] output={null}]]]>
              </value>
            </param>
          </params>
          <reporter-output>
          </reporter-output>
        </test-method> <!-- tearDown -->
      </class> <!-- com.CallHippo.web.authentication.MagicLinkTest -->
    </test> <!-- Web magic link test cases(failed) -->
    <test started-at="2020-11-15T00:57:02 IST" name="Dialer login test cases(failed)" finished-at="2020-11-15T00:57:35 IST" duration-ms="33662">
      <class name="com.CallHippo.Dialer.authentication.DialerLoginTest">
        <test-method is-config="true" signature="initialization()[pri:0, instance:com.CallHippo.Dialer.authentication.DialerLoginTest@5b529706]" started-at="2020-11-15T00:57:02 IST" name="initialization" finished-at="2020-11-15T00:57:10 IST" duration-ms="8280" status="PASS">
          <reporter-output>
          </reporter-output>
        </test-method> <!-- initialization -->
        <test-method signature="number_not_assigned_user_check_validation()[pri:15, instance:com.CallHippo.Dialer.authentication.DialerLoginTest@5b529706]" started-at="2020-11-15T00:57:10 IST" name="number_not_assigned_user_check_validation" finished-at="2020-11-15T00:57:13 IST" duration-ms="3150" status="FAIL">
          <exception class="java.lang.AssertionError">
            <message>
              <![CDATA[expected [true] but found [false]]]>
            </message>
            <full-stacktrace>
              <![CDATA[java.lang.AssertionError: expected [true] but found [false]
at org.testng.Assert.fail(Assert.java:97)
at org.testng.Assert.assertEqualsImpl(Assert.java:136)
at org.testng.Assert.assertEquals(Assert.java:118)
at org.testng.Assert.assertEquals(Assert.java:751)
at org.testng.Assert.assertEquals(Assert.java:761)
at com.CallHippo.Dialer.authentication.DialerLoginTest.number_not_assigned_user_check_validation(DialerLoginTest.java:255)
at java.base/jdk.internal.reflect.NativeMethodAccessorImpl.invoke0(Native Method)
at java.base/jdk.internal.reflect.NativeMethodAccessorImpl.invoke(NativeMethodAccessorImpl.java:62)
at java.base/jdk.internal.reflect.DelegatingMethodAccessorImpl.invoke(DelegatingMethodAccessorImpl.java:43)
at java.base/java.lang.reflect.Method.invoke(Method.java:566)
at org.testng.internal.MethodInvocationHelper.invokeMethod(MethodInvocationHelper.java:134)
at org.testng.internal.TestInvoker.invokeMethod(TestInvoker.java:597)
at org.testng.internal.TestInvoker.invokeTestMethod(TestInvoker.java:173)
at org.testng.internal.MethodRunner.runInSequence(MethodRunner.java:46)
at org.testng.internal.TestInvoker$MethodInvocationAgent.invoke(TestInvoker.java:816)
at org.testng.internal.TestInvoker.invokeTestMethods(TestInvoker.java:146)
at org.testng.internal.TestMethodWorker.invokeTestMethods(TestMethodWorker.java:146)
at org.testng.internal.TestMethodWorker.run(TestMethodWorker.java:128)
at java.base/java.util.ArrayList.forEach(ArrayList.java:1541)
at org.testng.TestRunner.privateRun(TestRunner.java:766)
at org.testng.TestRunner.run(TestRunner.java:587)
at org.testng.SuiteRunner.runTest(SuiteRunner.java:384)
at org.testng.SuiteRunner.runSequentially(SuiteRunner.java:378)
at org.testng.SuiteRunner.privateRun(SuiteRunner.java:337)
at org.testng.SuiteRunner.run(SuiteRunner.java:286)
at org.testng.SuiteRunnerWorker.runSuite(SuiteRunnerWorker.java:53)
at org.testng.SuiteRunnerWorker.run(SuiteRunnerWorker.java:96)
at org.testng.TestNG.runSuitesSequentially(TestNG.java:1187)
at org.testng.TestNG.runSuitesLocally(TestNG.java:1109)
at org.testng.TestNG.runSuites(TestNG.java:1039)
at org.testng.TestNG.run(TestNG.java:1007)
at org.apache.maven.surefire.testng.TestNGExecutor.run(TestNGExecutor.java:284)
at org.apache.maven.surefire.testng.TestNGXmlTestSuite.execute(TestNGXmlTestSuite.java:75)
at org.apache.maven.surefire.testng.TestNGProvider.invoke(TestNGProvider.java:119)
at org.apache.maven.surefire.booter.ForkedBooter.runSuitesInProcess(ForkedBooter.java:428)
at org.apache.maven.surefire.booter.ForkedBooter.execute(ForkedBooter.java:162)
at org.apache.maven.surefire.booter.ForkedBooter.run(ForkedBooter.java:562)
at org.apache.maven.surefire.booter.ForkedBooter.main(ForkedBooter.java:548)
]]>
            </full-stacktrace>
          </exception> <!-- java.lang.AssertionError -->
          <reporter-output>
          </reporter-output>
        </test-method> <!-- number_not_assigned_user_check_validation -->
        <test-method is-config="true" signature="tearDown(org.testng.ITestResult)[pri:0, instance:com.CallHippo.Dialer.authentication.DialerLoginTest@5b529706]" started-at="2020-11-15T00:57:13 IST" name="tearDown" finished-at="2020-11-15T00:57:14 IST" duration-ms="1042" status="PASS">
          <params>
            <param index="0">
              <value>
                <![CDATA[[TestResult name=number_not_assigned_user_check_validation status=FAILURE method=DialerLoginTest.number_not_assigned_user_check_validation()[pri:15, instance:com.CallHippo.Dialer.authentication.DialerLoginTest@5b529706] output={null}]]]>
              </value>
            </param>
          </params>
          <reporter-output>
          </reporter-output>
        </test-method> <!-- tearDown -->
        <test-method is-config="true" signature="initialization()[pri:0, instance:com.CallHippo.Dialer.authentication.DialerLoginTest@5b529706]" started-at="2020-11-15T00:57:14 IST" name="initialization" finished-at="2020-11-15T00:57:22 IST" duration-ms="8118" status="PASS">
          <reporter-output>
          </reporter-output>
        </test-method> <!-- initialization -->
        <test-method signature="verify_Add_Credit_Button()[pri:16, instance:com.CallHippo.Dialer.authentication.DialerLoginTest@5b529706]" started-at="2020-11-15T00:57:22 IST" name="verify_Add_Credit_Button" finished-at="2020-11-15T00:57:34 IST" duration-ms="12070" status="PASS">
          <reporter-output>
          </reporter-output>
        </test-method> <!-- verify_Add_Credit_Button -->
        <test-method is-config="true" signature="tearDown(org.testng.ITestResult)[pri:0, instance:com.CallHippo.Dialer.authentication.DialerLoginTest@5b529706]" started-at="2020-11-15T00:57:34 IST" name="tearDown" finished-at="2020-11-15T00:57:35 IST" duration-ms="1000" status="PASS">
          <params>
            <param index="0">
              <value>
                <![CDATA[[TestResult name=verify_Add_Credit_Button status=SUCCESS method=DialerLoginTest.verify_Add_Credit_Button()[pri:16, instance:com.CallHippo.Dialer.authentication.DialerLoginTest@5b529706] output={null}]]]>
              </value>
            </param>
          </params>
          <reporter-output>
          </reporter-output>
        </test-method> <!-- tearDown -->
      </class> <!-- com.CallHippo.Dialer.authentication.DialerLoginTest -->
    </test> <!-- Dialer login test cases(failed) -->
    <test started-at="2020-11-15T00:57:35 IST" name="Dialer forgot password test cases(failed)" finished-at="2020-11-15T01:04:42 IST" duration-ms="426788">
      <class name="com.CallHippo.Dialer.authentication.DialerForgotPasswordTest">
        <test-method is-config="true" signature="deleteAllMails()[pri:0, instance:com.CallHippo.Dialer.authentication.DialerForgotPasswordTest@6c25e6c4]" started-at="2020-11-15T00:57:35 IST" name="deleteAllMails" finished-at="2020-11-15T00:58:28 IST" duration-ms="52448" status="PASS">
          <reporter-output>
          </reporter-output>
        </test-method> <!-- deleteAllMails -->
        <test-method is-config="true" signature="initialization()[pri:0, instance:com.CallHippo.Dialer.authentication.DialerForgotPasswordTest@6c25e6c4]" started-at="2020-11-15T00:58:28 IST" name="initialization" finished-at="2020-11-15T00:58:36 IST" duration-ms="8413" status="PASS">
          <reporter-output>
          </reporter-output>
        </test-method> <!-- initialization -->
        <test-method signature="VerifyTitle()[pri:1, instance:com.CallHippo.Dialer.authentication.DialerForgotPasswordTest@6c25e6c4]" started-at="2020-11-15T00:58:36 IST" name="VerifyTitle" finished-at="2020-11-15T00:58:36 IST" duration-ms="15" status="PASS">
          <reporter-output>
          </reporter-output>
        </test-method> <!-- VerifyTitle -->
        <test-method is-config="true" signature="tearDown(org.testng.ITestResult)[pri:0, instance:com.CallHippo.Dialer.authentication.DialerForgotPasswordTest@6c25e6c4]" started-at="2020-11-15T00:58:36 IST" name="tearDown" finished-at="2020-11-15T00:58:37 IST" duration-ms="867" status="PASS">
          <params>
            <param index="0">
              <value>
                <![CDATA[[TestResult name=VerifyTitle status=SUCCESS method=DialerForgotPasswordTest.VerifyTitle()[pri:1, instance:com.CallHippo.Dialer.authentication.DialerForgotPasswordTest@6c25e6c4] output={null}]]]>
              </value>
            </param>
          </params>
          <reporter-output>
          </reporter-output>
        </test-method> <!-- tearDown -->
        <test-method is-config="true" signature="initialization()[pri:0, instance:com.CallHippo.Dialer.authentication.DialerForgotPasswordTest@6c25e6c4]" started-at="2020-11-15T00:58:37 IST" name="initialization" finished-at="2020-11-15T00:58:45 IST" duration-ms="8154" status="PASS">
          <reporter-output>
          </reporter-output>
        </test-method> <!-- initialization -->
        <test-method signature="Verify_Forgot_Password_Link_in_login_Page()[pri:2, instance:com.CallHippo.Dialer.authentication.DialerForgotPasswordTest@6c25e6c4]" started-at="2020-11-15T00:58:45 IST" name="Verify_Forgot_Password_Link_in_login_Page" finished-at="2020-11-15T00:58:45 IST" duration-ms="55" status="PASS">
          <reporter-output>
          </reporter-output>
        </test-method> <!-- Verify_Forgot_Password_Link_in_login_Page -->
        <test-method is-config="true" signature="tearDown(org.testng.ITestResult)[pri:0, instance:com.CallHippo.Dialer.authentication.DialerForgotPasswordTest@6c25e6c4]" started-at="2020-11-15T00:58:45 IST" name="tearDown" finished-at="2020-11-15T00:58:46 IST" duration-ms="927" status="PASS">
          <params>
            <param index="0">
              <value>
                <![CDATA[[TestResult name=Verify_Forgot_Password_Link_in_login_Page status=SUCCESS method=DialerForgotPasswordTest.Verify_Forgot_Password_Link_in_login_Page()[pri:2, instance:com.CallHippo.Dialer.authentication.DialerForgotPasswordTest@6c25e6c4] output={null}]]]>
              </value>
            </param>
          </params>
          <reporter-output>
          </reporter-output>
        </test-method> <!-- tearDown -->
        <test-method is-config="true" signature="initialization()[pri:0, instance:com.CallHippo.Dialer.authentication.DialerForgotPasswordTest@6c25e6c4]" started-at="2020-11-15T00:58:46 IST" name="initialization" finished-at="2020-11-15T00:58:54 IST" duration-ms="8197" status="PASS">
          <reporter-output>
          </reporter-output>
        </test-method> <!-- initialization -->
        <test-method signature="verify_Back_Signin_link()[pri:3, instance:com.CallHippo.Dialer.authentication.DialerForgotPasswordTest@6c25e6c4]" started-at="2020-11-15T00:58:54 IST" name="verify_Back_Signin_link" finished-at="2020-11-15T00:58:56 IST" duration-ms="1237" status="PASS">
          <reporter-output>
          </reporter-output>
        </test-method> <!-- verify_Back_Signin_link -->
        <test-method is-config="true" signature="tearDown(org.testng.ITestResult)[pri:0, instance:com.CallHippo.Dialer.authentication.DialerForgotPasswordTest@6c25e6c4]" started-at="2020-11-15T00:58:56 IST" name="tearDown" finished-at="2020-11-15T00:58:57 IST" duration-ms="972" status="PASS">
          <params>
            <param index="0">
              <value>
                <![CDATA[[TestResult name=verify_Back_Signin_link status=SUCCESS method=DialerForgotPasswordTest.verify_Back_Signin_link()[pri:3, instance:com.CallHippo.Dialer.authentication.DialerForgotPasswordTest@6c25e6c4] output={null}]]]>
              </value>
            </param>
          </params>
          <reporter-output>
          </reporter-output>
        </test-method> <!-- tearDown -->
        <test-method is-config="true" signature="initialization()[pri:0, instance:com.CallHippo.Dialer.authentication.DialerForgotPasswordTest@6c25e6c4]" started-at="2020-11-15T00:58:57 IST" name="initialization" finished-at="2020-11-15T00:59:05 IST" duration-ms="8358" status="PASS">
          <reporter-output>
          </reporter-output>
        </test-method> <!-- initialization -->
        <test-method signature="Verify_Forgot_Password_Fields()[pri:4, instance:com.CallHippo.Dialer.authentication.DialerForgotPasswordTest@6c25e6c4]" started-at="2020-11-15T00:59:05 IST" name="Verify_Forgot_Password_Fields" finished-at="2020-11-15T00:59:06 IST" duration-ms="1221" status="PASS">
          <reporter-output>
          </reporter-output>
        </test-method> <!-- Verify_Forgot_Password_Fields -->
        <test-method is-config="true" signature="tearDown(org.testng.ITestResult)[pri:0, instance:com.CallHippo.Dialer.authentication.DialerForgotPasswordTest@6c25e6c4]" started-at="2020-11-15T00:59:06 IST" name="tearDown" finished-at="2020-11-15T00:59:07 IST" duration-ms="955" status="PASS">
          <params>
            <param index="0">
              <value>
                <![CDATA[[TestResult name=Verify_Forgot_Password_Fields status=SUCCESS method=DialerForgotPasswordTest.Verify_Forgot_Password_Fields()[pri:4, instance:com.CallHippo.Dialer.authentication.DialerForgotPasswordTest@6c25e6c4] output={null}]]]>
              </value>
            </param>
          </params>
          <reporter-output>
          </reporter-output>
        </test-method> <!-- tearDown -->
        <test-method is-config="true" signature="initialization()[pri:0, instance:com.CallHippo.Dialer.authentication.DialerForgotPasswordTest@6c25e6c4]" started-at="2020-11-15T00:59:07 IST" name="initialization" finished-at="2020-11-15T00:59:15 IST" duration-ms="7850" status="PASS">
          <reporter-output>
          </reporter-output>
        </test-method> <!-- initialization -->
        <test-method signature="verify_email_validation_with_Invalid_email(java.lang.String)[pri:5, instance:com.CallHippo.Dialer.authentication.DialerForgotPasswordTest@6c25e6c4]" started-at="2020-11-15T00:59:15 IST" name="verify_email_validation_with_Invalid_email" data-provider="EmailValidation" finished-at="2020-11-15T00:59:16 IST" duration-ms="1266" status="PASS">
          <params>
            <param index="0">
              <value>
                <![CDATA[test]]>
              </value>
            </param>
          </params>
          <reporter-output>
          </reporter-output>
        </test-method> <!-- verify_email_validation_with_Invalid_email -->
        <test-method is-config="true" signature="tearDown(org.testng.ITestResult)[pri:0, instance:com.CallHippo.Dialer.authentication.DialerForgotPasswordTest@6c25e6c4]" started-at="2020-11-15T00:59:16 IST" name="tearDown" finished-at="2020-11-15T00:59:17 IST" duration-ms="924" status="PASS">
          <params>
            <param index="0">
              <value>
                <![CDATA[[TestResult name=verify_email_validation_with_Invalid_email status=SUCCESS method=DialerForgotPasswordTest.verify_email_validation_with_Invalid_email(java.lang.String)[pri:5, instance:com.CallHippo.Dialer.authentication.DialerForgotPasswordTest@6c25e6c4] output={null}]]]>
              </value>
            </param>
          </params>
          <reporter-output>
          </reporter-output>
        </test-method> <!-- tearDown -->
        <test-method is-config="true" signature="initialization()[pri:0, instance:com.CallHippo.Dialer.authentication.DialerForgotPasswordTest@6c25e6c4]" started-at="2020-11-15T00:59:17 IST" name="initialization" finished-at="2020-11-15T00:59:25 IST" duration-ms="8149" status="PASS">
          <reporter-output>
          </reporter-output>
        </test-method> <!-- initialization -->
        <test-method signature="verify_email_validation_with_Invalid_email(java.lang.String)[pri:5, instance:com.CallHippo.Dialer.authentication.DialerForgotPasswordTest@6c25e6c4]" started-at="2020-11-15T00:59:25 IST" name="verify_email_validation_with_Invalid_email" data-provider="EmailValidation" finished-at="2020-11-15T00:59:26 IST" duration-ms="1216" status="PASS">
          <params>
            <param index="0">
              <value>
                <![CDATA[test.1]]>
              </value>
            </param>
          </params>
          <reporter-output>
          </reporter-output>
        </test-method> <!-- verify_email_validation_with_Invalid_email -->
        <test-method is-config="true" signature="tearDown(org.testng.ITestResult)[pri:0, instance:com.CallHippo.Dialer.authentication.DialerForgotPasswordTest@6c25e6c4]" started-at="2020-11-15T00:59:26 IST" name="tearDown" finished-at="2020-11-15T00:59:27 IST" duration-ms="947" status="PASS">
          <params>
            <param index="0">
              <value>
                <![CDATA[[TestResult name=verify_email_validation_with_Invalid_email status=SUCCESS method=DialerForgotPasswordTest.verify_email_validation_with_Invalid_email(java.lang.String)[pri:5, instance:com.CallHippo.Dialer.authentication.DialerForgotPasswordTest@6c25e6c4] output={null}]]]>
              </value>
            </param>
          </params>
          <reporter-output>
          </reporter-output>
        </test-method> <!-- tearDown -->
        <test-method is-config="true" signature="initialization()[pri:0, instance:com.CallHippo.Dialer.authentication.DialerForgotPasswordTest@6c25e6c4]" started-at="2020-11-15T00:59:27 IST" name="initialization" finished-at="2020-11-15T00:59:35 IST" duration-ms="7981" status="PASS">
          <reporter-output>
          </reporter-output>
        </test-method> <!-- initialization -->
        <test-method signature="verify_email_validation_with_Invalid_email(java.lang.String)[pri:5, instance:com.CallHippo.Dialer.authentication.DialerForgotPasswordTest@6c25e6c4]" started-at="2020-11-15T00:59:35 IST" name="verify_email_validation_with_Invalid_email" data-provider="EmailValidation" finished-at="2020-11-15T00:59:37 IST" duration-ms="1233" status="PASS">
          <params>
            <param index="0">
              <value>
                <![CDATA[test@]]>
              </value>
            </param>
          </params>
          <reporter-output>
          </reporter-output>
        </test-method> <!-- verify_email_validation_with_Invalid_email -->
        <test-method is-config="true" signature="tearDown(org.testng.ITestResult)[pri:0, instance:com.CallHippo.Dialer.authentication.DialerForgotPasswordTest@6c25e6c4]" started-at="2020-11-15T00:59:37 IST" name="tearDown" finished-at="2020-11-15T00:59:38 IST" duration-ms="965" status="PASS">
          <params>
            <param index="0">
              <value>
                <![CDATA[[TestResult name=verify_email_validation_with_Invalid_email status=SUCCESS method=DialerForgotPasswordTest.verify_email_validation_with_Invalid_email(java.lang.String)[pri:5, instance:com.CallHippo.Dialer.authentication.DialerForgotPasswordTest@6c25e6c4] output={null}]]]>
              </value>
            </param>
          </params>
          <reporter-output>
          </reporter-output>
        </test-method> <!-- tearDown -->
        <test-method is-config="true" signature="initialization()[pri:0, instance:com.CallHippo.Dialer.authentication.DialerForgotPasswordTest@6c25e6c4]" started-at="2020-11-15T00:59:38 IST" name="initialization" finished-at="2020-11-15T00:59:46 IST" duration-ms="8082" status="PASS">
          <reporter-output>
          </reporter-output>
        </test-method> <!-- initialization -->
        <test-method signature="verify_email_validation_with_Invalid_email(java.lang.String)[pri:5, instance:com.CallHippo.Dialer.authentication.DialerForgotPasswordTest@6c25e6c4]" started-at="2020-11-15T00:59:46 IST" name="verify_email_validation_with_Invalid_email" data-provider="EmailValidation" finished-at="2020-11-15T00:59:47 IST" duration-ms="1329" status="PASS">
          <params>
            <param index="0">
              <value>
                <![CDATA[test@t]]>
              </value>
            </param>
          </params>
          <reporter-output>
          </reporter-output>
        </test-method> <!-- verify_email_validation_with_Invalid_email -->
        <test-method is-config="true" signature="tearDown(org.testng.ITestResult)[pri:0, instance:com.CallHippo.Dialer.authentication.DialerForgotPasswordTest@6c25e6c4]" started-at="2020-11-15T00:59:47 IST" name="tearDown" finished-at="2020-11-15T00:59:48 IST" duration-ms="990" status="PASS">
          <params>
            <param index="0">
              <value>
                <![CDATA[[TestResult name=verify_email_validation_with_Invalid_email status=SUCCESS method=DialerForgotPasswordTest.verify_email_validation_with_Invalid_email(java.lang.String)[pri:5, instance:com.CallHippo.Dialer.authentication.DialerForgotPasswordTest@6c25e6c4] output={null}]]]>
              </value>
            </param>
          </params>
          <reporter-output>
          </reporter-output>
        </test-method> <!-- tearDown -->
        <test-method is-config="true" signature="initialization()[pri:0, instance:com.CallHippo.Dialer.authentication.DialerForgotPasswordTest@6c25e6c4]" started-at="2020-11-15T00:59:48 IST" name="initialization" finished-at="2020-11-15T00:59:56 IST" duration-ms="7928" status="PASS">
          <reporter-output>
          </reporter-output>
        </test-method> <!-- initialization -->
        <test-method signature="verify_email_validation_with_Invalid_email(java.lang.String)[pri:5, instance:com.CallHippo.Dialer.authentication.DialerForgotPasswordTest@6c25e6c4]" started-at="2020-11-15T00:59:56 IST" name="verify_email_validation_with_Invalid_email" data-provider="EmailValidation" finished-at="2020-11-15T00:59:57 IST" duration-ms="1267" status="PASS">
          <params>
            <param index="0">
              <value>
                <![CDATA[test@t.]]>
              </value>
            </param>
          </params>
          <reporter-output>
          </reporter-output>
        </test-method> <!-- verify_email_validation_with_Invalid_email -->
        <test-method is-config="true" signature="tearDown(org.testng.ITestResult)[pri:0, instance:com.CallHippo.Dialer.authentication.DialerForgotPasswordTest@6c25e6c4]" started-at="2020-11-15T00:59:57 IST" name="tearDown" finished-at="2020-11-15T00:59:58 IST" duration-ms="954" status="PASS">
          <params>
            <param index="0">
              <value>
                <![CDATA[[TestResult name=verify_email_validation_with_Invalid_email status=SUCCESS method=DialerForgotPasswordTest.verify_email_validation_with_Invalid_email(java.lang.String)[pri:5, instance:com.CallHippo.Dialer.authentication.DialerForgotPasswordTest@6c25e6c4] output={null}]]]>
              </value>
            </param>
          </params>
          <reporter-output>
          </reporter-output>
        </test-method> <!-- tearDown -->
        <test-method is-config="true" signature="initialization()[pri:0, instance:com.CallHippo.Dialer.authentication.DialerForgotPasswordTest@6c25e6c4]" started-at="2020-11-15T00:59:58 IST" name="initialization" finished-at="2020-11-15T01:00:07 IST" duration-ms="9005" status="PASS">
          <reporter-output>
          </reporter-output>
        </test-method> <!-- initialization -->
        <test-method signature="Verify_Email_is_required_field()[pri:6, instance:com.CallHippo.Dialer.authentication.DialerForgotPasswordTest@6c25e6c4]" started-at="2020-11-15T01:00:07 IST" name="Verify_Email_is_required_field" finished-at="2020-11-15T01:00:08 IST" duration-ms="1331" status="PASS">
          <reporter-output>
          </reporter-output>
        </test-method> <!-- Verify_Email_is_required_field -->
        <test-method is-config="true" signature="tearDown(org.testng.ITestResult)[pri:0, instance:com.CallHippo.Dialer.authentication.DialerForgotPasswordTest@6c25e6c4]" started-at="2020-11-15T01:00:08 IST" name="tearDown" finished-at="2020-11-15T01:00:09 IST" duration-ms="943" status="PASS">
          <params>
            <param index="0">
              <value>
                <![CDATA[[TestResult name=Verify_Email_is_required_field status=SUCCESS method=DialerForgotPasswordTest.Verify_Email_is_required_field()[pri:6, instance:com.CallHippo.Dialer.authentication.DialerForgotPasswordTest@6c25e6c4] output={null}]]]>
              </value>
            </param>
          </params>
          <reporter-output>
          </reporter-output>
        </test-method> <!-- tearDown -->
        <test-method is-config="true" signature="initialization()[pri:0, instance:com.CallHippo.Dialer.authentication.DialerForgotPasswordTest@6c25e6c4]" started-at="2020-11-15T01:00:09 IST" name="initialization" finished-at="2020-11-15T01:00:17 IST" duration-ms="8043" status="PASS">
          <reporter-output>
          </reporter-output>
        </test-method> <!-- initialization -->
        <test-method signature="Verify_with_non_registered_email()[pri:7, instance:com.CallHippo.Dialer.authentication.DialerForgotPasswordTest@6c25e6c4]" started-at="2020-11-15T01:00:17 IST" name="Verify_with_non_registered_email" finished-at="2020-11-15T01:00:20 IST" duration-ms="2314" status="PASS">
          <reporter-output>
          </reporter-output>
        </test-method> <!-- Verify_with_non_registered_email -->
        <test-method is-config="true" signature="tearDown(org.testng.ITestResult)[pri:0, instance:com.CallHippo.Dialer.authentication.DialerForgotPasswordTest@6c25e6c4]" started-at="2020-11-15T01:00:20 IST" name="tearDown" finished-at="2020-11-15T01:00:21 IST" duration-ms="1191" status="PASS">
          <params>
            <param index="0">
              <value>
                <![CDATA[[TestResult name=Verify_with_non_registered_email status=SUCCESS method=DialerForgotPasswordTest.Verify_with_non_registered_email()[pri:7, instance:com.CallHippo.Dialer.authentication.DialerForgotPasswordTest@6c25e6c4] output={null}]]]>
              </value>
            </param>
          </params>
          <reporter-output>
          </reporter-output>
        </test-method> <!-- tearDown -->
        <test-method is-config="true" signature="initialization()[pri:0, instance:com.CallHippo.Dialer.authentication.DialerForgotPasswordTest@6c25e6c4]" started-at="2020-11-15T01:00:21 IST" name="initialization" finished-at="2020-11-15T01:00:29 IST" duration-ms="8046" status="PASS">
          <reporter-output>
          </reporter-output>
        </test-method> <!-- initialization -->
        <test-method signature="reset_password_without_entering_any_value_in_reset_password_page()[pri:10, instance:com.CallHippo.Dialer.authentication.DialerForgotPasswordTest@6c25e6c4]" started-at="2020-11-15T01:00:29 IST" name="reset_password_without_entering_any_value_in_reset_password_page" finished-at="2020-11-15T01:01:17 IST" duration-ms="48244" status="FAIL">
          <exception class="java.lang.AssertionError">
            <message>
              <![CDATA[expected [true] but found [false]]]>
            </message>
            <full-stacktrace>
              <![CDATA[java.lang.AssertionError: expected [true] but found [false]
at org.testng.Assert.fail(Assert.java:97)
at org.testng.Assert.assertEqualsImpl(Assert.java:136)
at org.testng.Assert.assertEquals(Assert.java:118)
at org.testng.Assert.assertEquals(Assert.java:751)
at org.testng.Assert.assertEquals(Assert.java:761)
at com.CallHippo.Dialer.authentication.DialerForgotPasswordTest.reset_password_without_entering_any_value_in_reset_password_page(DialerForgotPasswordTest.java:197)
at java.base/jdk.internal.reflect.NativeMethodAccessorImpl.invoke0(Native Method)
at java.base/jdk.internal.reflect.NativeMethodAccessorImpl.invoke(NativeMethodAccessorImpl.java:62)
at java.base/jdk.internal.reflect.DelegatingMethodAccessorImpl.invoke(DelegatingMethodAccessorImpl.java:43)
at java.base/java.lang.reflect.Method.invoke(Method.java:566)
at org.testng.internal.MethodInvocationHelper.invokeMethod(MethodInvocationHelper.java:134)
at org.testng.internal.TestInvoker.invokeMethod(TestInvoker.java:597)
at org.testng.internal.TestInvoker.invokeTestMethod(TestInvoker.java:173)
at org.testng.internal.MethodRunner.runInSequence(MethodRunner.java:46)
at org.testng.internal.TestInvoker$MethodInvocationAgent.invoke(TestInvoker.java:816)
at org.testng.internal.TestInvoker.invokeTestMethods(TestInvoker.java:146)
at org.testng.internal.TestMethodWorker.invokeTestMethods(TestMethodWorker.java:146)
at org.testng.internal.TestMethodWorker.run(TestMethodWorker.java:128)
at java.base/java.util.ArrayList.forEach(ArrayList.java:1541)
at org.testng.TestRunner.privateRun(TestRunner.java:766)
at org.testng.TestRunner.run(TestRunner.java:587)
at org.testng.SuiteRunner.runTest(SuiteRunner.java:384)
at org.testng.SuiteRunner.runSequentially(SuiteRunner.java:378)
at org.testng.SuiteRunner.privateRun(SuiteRunner.java:337)
at org.testng.SuiteRunner.run(SuiteRunner.java:286)
at org.testng.SuiteRunnerWorker.runSuite(SuiteRunnerWorker.java:53)
at org.testng.SuiteRunnerWorker.run(SuiteRunnerWorker.java:96)
at org.testng.TestNG.runSuitesSequentially(TestNG.java:1187)
at org.testng.TestNG.runSuitesLocally(TestNG.java:1109)
at org.testng.TestNG.runSuites(TestNG.java:1039)
at org.testng.TestNG.run(TestNG.java:1007)
at org.apache.maven.surefire.testng.TestNGExecutor.run(TestNGExecutor.java:284)
at org.apache.maven.surefire.testng.TestNGXmlTestSuite.execute(TestNGXmlTestSuite.java:75)
at org.apache.maven.surefire.testng.TestNGProvider.invoke(TestNGProvider.java:119)
at org.apache.maven.surefire.booter.ForkedBooter.runSuitesInProcess(ForkedBooter.java:428)
at org.apache.maven.surefire.booter.ForkedBooter.execute(ForkedBooter.java:162)
at org.apache.maven.surefire.booter.ForkedBooter.run(ForkedBooter.java:562)
at org.apache.maven.surefire.booter.ForkedBooter.main(ForkedBooter.java:548)
]]>
            </full-stacktrace>
          </exception> <!-- java.lang.AssertionError -->
          <reporter-output>
          </reporter-output>
        </test-method> <!-- reset_password_without_entering_any_value_in_reset_password_page -->
        <test-method is-config="true" signature="tearDown(org.testng.ITestResult)[pri:0, instance:com.CallHippo.Dialer.authentication.DialerForgotPasswordTest@6c25e6c4]" started-at="2020-11-15T01:01:17 IST" name="tearDown" finished-at="2020-11-15T01:01:18 IST" duration-ms="1086" status="PASS">
          <params>
            <param index="0">
              <value>
                <![CDATA[[TestResult name=reset_password_without_entering_any_value_in_reset_password_page status=FAILURE method=DialerForgotPasswordTest.reset_password_without_entering_any_value_in_reset_password_page()[pri:10, instance:com.CallHippo.Dialer.authentication.DialerForgotPasswordTest@6c25e6c4] output={null}]]]>
              </value>
            </param>
          </params>
          <reporter-output>
          </reporter-output>
        </test-method> <!-- tearDown -->
        <test-method is-config="true" signature="initialization()[pri:0, instance:com.CallHippo.Dialer.authentication.DialerForgotPasswordTest@6c25e6c4]" started-at="2020-11-15T01:01:18 IST" name="initialization" finished-at="2020-11-15T01:01:26 IST" duration-ms="7935" status="PASS">
          <reporter-output>
          </reporter-output>
        </test-method> <!-- initialization -->
        <test-method signature="Verify_with_registered_email1()[pri:11, instance:com.CallHippo.Dialer.authentication.DialerForgotPasswordTest@6c25e6c4]" started-at="2020-11-15T01:01:26 IST" name="Verify_with_registered_email1" finished-at="2020-11-15T01:01:29 IST" duration-ms="2821" status="PASS">
          <reporter-output>
          </reporter-output>
        </test-method> <!-- Verify_with_registered_email1 -->
        <test-method is-config="true" signature="tearDown(org.testng.ITestResult)[pri:0, instance:com.CallHippo.Dialer.authentication.DialerForgotPasswordTest@6c25e6c4]" started-at="2020-11-15T01:01:29 IST" name="tearDown" finished-at="2020-11-15T01:01:30 IST" duration-ms="1010" status="PASS">
          <params>
            <param index="0">
              <value>
                <![CDATA[[TestResult name=Verify_with_registered_email1 status=SUCCESS method=DialerForgotPasswordTest.Verify_with_registered_email1()[pri:11, instance:com.CallHippo.Dialer.authentication.DialerForgotPasswordTest@6c25e6c4] output={null}]]]>
              </value>
            </param>
          </params>
          <reporter-output>
          </reporter-output>
        </test-method> <!-- tearDown -->
        <test-method is-config="true" signature="initialization()[pri:0, instance:com.CallHippo.Dialer.authentication.DialerForgotPasswordTest@6c25e6c4]" started-at="2020-11-15T01:01:30 IST" name="initialization" finished-at="2020-11-15T01:01:38 IST" duration-ms="7990" status="PASS">
          <reporter-output>
          </reporter-output>
        </test-method> <!-- initialization -->
        <test-method signature="mismatch_Reset_Password_Validation(java.lang.String, java.lang.String)[pri:12, instance:com.CallHippo.Dialer.authentication.DialerForgotPasswordTest@6c25e6c4]" started-at="2020-11-15T01:01:38 IST" name="mismatch_Reset_Password_Validation" data-provider="mismatchPasswordValidation" finished-at="2020-11-15T01:02:12 IST" duration-ms="33520" status="PASS">
          <params>
            <param index="0">
              <value>
                <![CDATA[12345678]]>
              </value>
            </param>
            <param index="1">
              <value>
                <![CDATA[123456789]]>
              </value>
            </param>
          </params>
          <reporter-output>
          </reporter-output>
        </test-method> <!-- mismatch_Reset_Password_Validation -->
        <test-method is-config="true" signature="tearDown(org.testng.ITestResult)[pri:0, instance:com.CallHippo.Dialer.authentication.DialerForgotPasswordTest@6c25e6c4]" started-at="2020-11-15T01:02:12 IST" name="tearDown" finished-at="2020-11-15T01:02:13 IST" duration-ms="1088" status="PASS">
          <params>
            <param index="0">
              <value>
                <![CDATA[[TestResult name=mismatch_Reset_Password_Validation status=SUCCESS method=DialerForgotPasswordTest.mismatch_Reset_Password_Validation(java.lang.String, java.lang.String)[pri:12, instance:com.CallHippo.Dialer.authentication.DialerForgotPasswordTest@6c25e6c4] output={null}]]]>
              </value>
            </param>
          </params>
          <reporter-output>
          </reporter-output>
        </test-method> <!-- tearDown -->
        <test-method is-config="true" signature="initialization()[pri:0, instance:com.CallHippo.Dialer.authentication.DialerForgotPasswordTest@6c25e6c4]" started-at="2020-11-15T01:02:13 IST" name="initialization" finished-at="2020-11-15T01:02:21 IST" duration-ms="8204" status="PASS">
          <reporter-output>
          </reporter-output>
        </test-method> <!-- initialization -->
        <test-method signature="mismatch_Reset_Password_Validation(java.lang.String, java.lang.String)[pri:12, instance:com.CallHippo.Dialer.authentication.DialerForgotPasswordTest@6c25e6c4]" started-at="2020-11-15T01:02:21 IST" name="mismatch_Reset_Password_Validation" data-provider="mismatchPasswordValidation" finished-at="2020-11-15T01:02:55 IST" duration-ms="34108" status="PASS">
          <params>
            <param index="0">
[...]
          <reporter-output>
          </reporter-output>
        </test-method> <!-- initialization -->
        <test-method signature="dialer_validate_PriceLimit_Error_Message_Call_From_DialPad()[pri:10, instance:com.CallHippo.web.settings.PriceLimitTest@609640d5]" started-at="2020-11-15T05:16:07 IST" name="dialer_validate_PriceLimit_Error_Message_Call_From_DialPad" finished-at="2020-11-15T05:17:36 IST" duration-ms="89006" status="PASS">
          <reporter-output>
          </reporter-output>
        </test-method> <!-- dialer_validate_PriceLimit_Error_Message_Call_From_DialPad -->
        <test-method is-config="true" signature="tearDown(org.testng.ITestResult)[pri:0, instance:com.CallHippo.web.settings.PriceLimitTest@609640d5]" started-at="2020-11-15T05:17:36 IST" name="tearDown" finished-at="2020-11-15T05:17:37 IST" duration-ms="1168" status="PASS">
          <params>
            <param index="0">
              <value>
                <![CDATA[[TestResult name=dialer_validate_PriceLimit_Error_Message_Call_From_DialPad status=SUCCESS method=PriceLimitTest.dialer_validate_PriceLimit_Error_Message_Call_From_DialPad()[pri:10, instance:com.CallHippo.web.settings.PriceLimitTest@609640d5] output={null}]]]>
              </value>
            </param>
          </params>
          <reporter-output>
          </reporter-output>
        </test-method> <!-- tearDown -->
        <test-method is-config="true" signature="initialization()[pri:0, instance:com.CallHippo.web.settings.PriceLimitTest@609640d5]" started-at="2020-11-15T05:17:37 IST" name="initialization" finished-at="2020-11-15T05:19:38 IST" duration-ms="120293" status="PASS">
          <reporter-output>
          </reporter-output>
        </test-method> <!-- initialization -->
        <test-method signature="dialer_validate_PriceLimit_Error_Message_Call_From_Redial()[pri:11, instance:com.CallHippo.web.settings.PriceLimitTest@609640d5]" started-at="2020-11-15T05:19:38 IST" name="dialer_validate_PriceLimit_Error_Message_Call_From_Redial" finished-at="2020-11-15T05:20:49 IST" duration-ms="71281" status="PASS">
          <reporter-output>
          </reporter-output>
        </test-method> <!-- dialer_validate_PriceLimit_Error_Message_Call_From_Redial -->
        <test-method is-config="true" signature="tearDown(org.testng.ITestResult)[pri:0, instance:com.CallHippo.web.settings.PriceLimitTest@609640d5]" started-at="2020-11-15T05:20:49 IST" name="tearDown" finished-at="2020-11-15T05:20:50 IST" duration-ms="1150" status="PASS">
          <params>
            <param index="0">
              <value>
                <![CDATA[[TestResult name=dialer_validate_PriceLimit_Error_Message_Call_From_Redial status=SUCCESS method=PriceLimitTest.dialer_validate_PriceLimit_Error_Message_Call_From_Redial()[pri:11, instance:com.CallHippo.web.settings.PriceLimitTest@609640d5] output={null}]]]>
              </value>
            </param>
          </params>
          <reporter-output>
          </reporter-output>
        </test-method> <!-- tearDown -->
        <test-method is-config="true" signature="initialization()[pri:0, instance:com.CallHippo.web.settings.PriceLimitTest@609640d5]" started-at="2020-11-15T05:20:50 IST" name="initialization" finished-at="2020-11-15T05:22:51 IST" duration-ms="120783" status="PASS">
          <reporter-output>
          </reporter-output>
        </test-method> <!-- initialization -->
        <test-method signature="dialer_validate_PriceLimit_Error_Message_Call_From_CallDetailPage()[pri:12, instance:com.CallHippo.web.settings.PriceLimitTest@609640d5]" started-at="2020-11-15T05:22:51 IST" name="dialer_validate_PriceLimit_Error_Message_Call_From_CallDetailPage" finished-at="2020-11-15T05:24:07 IST" duration-ms="76477" status="PASS">
          <reporter-output>
          </reporter-output>
        </test-method> <!-- dialer_validate_PriceLimit_Error_Message_Call_From_CallDetailPage -->
        <test-method is-config="true" signature="tearDown(org.testng.ITestResult)[pri:0, instance:com.CallHippo.web.settings.PriceLimitTest@609640d5]" started-at="2020-11-15T05:24:07 IST" name="tearDown" finished-at="2020-11-15T05:24:09 IST" duration-ms="1159" status="PASS">
          <params>
            <param index="0">
              <value>
                <![CDATA[[TestResult name=dialer_validate_PriceLimit_Error_Message_Call_From_CallDetailPage status=SUCCESS method=PriceLimitTest.dialer_validate_PriceLimit_Error_Message_Call_From_CallDetailPage()[pri:12, instance:com.CallHippo.web.settings.PriceLimitTest@609640d5] output={null}]]]>
              </value>
            </param>
          </params>
          <reporter-output>
          </reporter-output>
        </test-method> <!-- tearDown -->
        <test-method is-config="true" signature="initialization()[pri:0, instance:com.CallHippo.web.settings.PriceLimitTest@609640d5]" started-at="2020-11-15T05:24:09 IST" name="initialization" finished-at="2020-11-15T05:26:09 IST" duration-ms="120528" status="PASS">
          <reporter-output>
          </reporter-output>
        </test-method> <!-- initialization -->
        <test-method signature="dialer_validate_PriceLimit_Error_Message_Call_From_AllCalls()[pri:13, instance:com.CallHippo.web.settings.PriceLimitTest@609640d5]" started-at="2020-11-15T05:26:09 IST" name="dialer_validate_PriceLimit_Error_Message_Call_From_AllCalls" finished-at="2020-11-15T05:27:24 IST" duration-ms="74606" status="PASS">
          <reporter-output>
          </reporter-output>
        </test-method> <!-- dialer_validate_PriceLimit_Error_Message_Call_From_AllCalls -->
        <test-method is-config="true" signature="tearDown(org.testng.ITestResult)[pri:0, instance:com.CallHippo.web.settings.PriceLimitTest@609640d5]" started-at="2020-11-15T05:27:24 IST" name="tearDown" finished-at="2020-11-15T05:27:25 IST" duration-ms="1180" status="PASS">
          <params>
            <param index="0">
              <value>
                <![CDATA[[TestResult name=dialer_validate_PriceLimit_Error_Message_Call_From_AllCalls status=SUCCESS method=PriceLimitTest.dialer_validate_PriceLimit_Error_Message_Call_From_AllCalls()[pri:13, instance:com.CallHippo.web.settings.PriceLimitTest@609640d5] output={null}]]]>
              </value>
            </param>
          </params>
          <reporter-output>
          </reporter-output>
        </test-method> <!-- tearDown -->
        <test-method is-config="true" signature="initialization()[pri:0, instance:com.CallHippo.web.settings.PriceLimitTest@609640d5]" started-at="2020-11-15T05:27:25 IST" name="initialization" finished-at="2020-11-15T05:29:25 IST" duration-ms="120380" status="PASS">
          <reporter-output>
          </reporter-output>
        </test-method> <!-- initialization -->
        <test-method signature="dialer_validate_PriceLimit_Error_Message_Call_From_CallPlanner()[pri:14, instance:com.CallHippo.web.settings.PriceLimitTest@609640d5]" started-at="2020-11-15T05:29:25 IST" name="dialer_validate_PriceLimit_Error_Message_Call_From_CallPlanner" finished-at="2020-11-15T05:30:54 IST" duration-ms="88684" status="PASS">
          <reporter-output>
          </reporter-output>
        </test-method> <!-- dialer_validate_PriceLimit_Error_Message_Call_From_CallPlanner -->
        <test-method is-config="true" signature="tearDown(org.testng.ITestResult)[pri:0, instance:com.CallHippo.web.settings.PriceLimitTest@609640d5]" started-at="2020-11-15T05:30:54 IST" name="tearDown" finished-at="2020-11-15T05:30:55 IST" duration-ms="1171" status="PASS">
          <params>
            <param index="0">
              <value>
                <![CDATA[[TestResult name=dialer_validate_PriceLimit_Error_Message_Call_From_CallPlanner status=SUCCESS method=PriceLimitTest.dialer_validate_PriceLimit_Error_Message_Call_From_CallPlanner()[pri:14, instance:com.CallHippo.web.settings.PriceLimitTest@609640d5] output={null}]]]>
              </value>
            </param>
          </params>
          <reporter-output>
          </reporter-output>
        </test-method> <!-- tearDown -->
        <test-method is-config="true" signature="initialization()[pri:0, instance:com.CallHippo.web.settings.PriceLimitTest@609640d5]" started-at="2020-11-15T05:30:55 IST" name="initialization" finished-at="2020-11-15T05:32:56 IST" duration-ms="120829" status="PASS">
          <reporter-output>
          </reporter-output>
        </test-method> <!-- initialization -->
        <test-method signature="validate_PriceLimit_Is_Not_Set()[pri:15, instance:com.CallHippo.web.settings.PriceLimitTest@609640d5]" started-at="2020-11-15T05:32:56 IST" name="validate_PriceLimit_Is_Not_Set" finished-at="2020-11-15T05:32:56 IST" duration-ms="225" status="PASS">
          <reporter-output>
          </reporter-output>
        </test-method> <!-- validate_PriceLimit_Is_Not_Set -->
        <test-method is-config="true" signature="tearDown(org.testng.ITestResult)[pri:0, instance:com.CallHippo.web.settings.PriceLimitTest@609640d5]" started-at="2020-11-15T05:32:56 IST" name="tearDown" finished-at="2020-11-15T05:32:57 IST" duration-ms="1160" status="PASS">
          <params>
            <param index="0">
              <value>
                <![CDATA[[TestResult name=validate_PriceLimit_Is_Not_Set status=SUCCESS method=PriceLimitTest.validate_PriceLimit_Is_Not_Set()[pri:15, instance:com.CallHippo.web.settings.PriceLimitTest@609640d5] output={null}]]]>
              </value>
            </param>
          </params>
          <reporter-output>
          </reporter-output>
        </test-method> <!-- tearDown -->
        <test-method is-config="true" signature="endSessions()[pri:0, instance:com.CallHippo.web.settings.PriceLimitTest@609640d5]" started-at="2020-11-15T05:32:57 IST" name="endSessions" finished-at="2020-11-15T05:33:00 IST" duration-ms="2902" status="PASS">
          <reporter-output>
          </reporter-output>
        </test-method> <!-- endSessions -->
      </class> <!-- com.CallHippo.web.settings.PriceLimitTest -->
    </test> <!-- Outgoing Call Price limit Test Cases(failed) -->
    <test started-at="2020-11-15T05:33:00 IST" name="Add and Delete numeber with dynamic chargebee subscription(failed)" finished-at="2020-11-15T05:55:27 IST" duration-ms="1346670">
      <class name="com.CallHippo.web.numberAndUserSubscription.AddNumberTest">
        <test-method is-config="true" signature="initialization()[pri:0, instance:com.CallHippo.web.numberAndUserSubscription.AddNumberTest@1e1d3956]" started-at="2020-11-15T05:33:00 IST" name="initialization" finished-at="2020-11-15T05:33:09 IST" duration-ms="8903" status="PASS">
          <reporter-output>
          </reporter-output>
        </test-method> <!-- initialization -->
        <test-method signature="signup1()[pri:0, instance:com.CallHippo.web.numberAndUserSubscription.AddNumberTest@1e1d3956]" started-at="2020-11-15T05:33:09 IST" name="signup1" finished-at="2020-11-15T05:34:10 IST" duration-ms="60721" status="PASS">
          <reporter-output>
          </reporter-output>
        </test-method> <!-- signup1 -->
        <test-method is-config="true" signature="tearDown(org.testng.ITestResult)[pri:0, instance:com.CallHippo.web.numberAndUserSubscription.AddNumberTest@1e1d3956]" started-at="2020-11-15T05:34:10 IST" name="tearDown" finished-at="2020-11-15T05:34:11 IST" duration-ms="972" status="PASS">
          <params>
            <param index="0">
              <value>
                <![CDATA[[TestResult name=signup1 status=SUCCESS method=AddNumberTest.signup1()[pri:0, instance:com.CallHippo.web.numberAndUserSubscription.AddNumberTest@1e1d3956] output={null}]]]>
              </value>
            </param>
          </params>
          <reporter-output>
          </reporter-output>
        </test-method> <!-- tearDown -->
        <test-method is-config="true" signature="initialization()[pri:0, instance:com.CallHippo.web.numberAndUserSubscription.AddNumberTest@1e1d3956]" started-at="2020-11-15T05:34:11 IST" name="initialization" finished-at="2020-11-15T05:34:20 IST" duration-ms="8872" status="PASS">
          <reporter-output>
          </reporter-output>
        </test-method> <!-- initialization -->
        <test-method signature="Delete_higher_amount_Standard_number_when_number_having_different_price_Plan_period_monthly()[pri:45, instance:com.CallHippo.web.numberAndUserSubscription.AddNumberTest@1e1d3956]" started-at="2020-11-15T05:34:20 IST" name="Delete_higher_amount_Standard_number_when_number_having_different_price_Plan_period_monthly" finished-at="2020-11-15T05:38:48 IST" depends-on-methods="com.CallHippo.web.numberAndUserSubscription.AddNumberTest.signup1" duration-ms="267989" status="PASS">
          <reporter-output>
          </reporter-output>
        </test-method> <!-- Delete_higher_amount_Standard_number_when_number_having_different_price_Plan_period_monthly -->
        <test-method is-config="true" signature="tearDown(org.testng.ITestResult)[pri:0, instance:com.CallHippo.web.numberAndUserSubscription.AddNumberTest@1e1d3956]" started-at="2020-11-15T05:38:48 IST" name="tearDown" finished-at="2020-11-15T05:38:49 IST" duration-ms="1099" status="PASS">
          <params>
            <param index="0">
              <value>
                <![CDATA[[TestResult name=Delete_higher_amount_Standard_number_when_number_having_different_price_Plan_period_monthly status=SUCCESS method=AddNumberTest.Delete_higher_amount_Standard_number_when_number_having_different_price_Plan_period_monthly()[pri:45, instance:com.CallHippo.web.numberAndUserSubscription.AddNumberTest@1e1d3956] output={null}]]]>
              </value>
            </param>
          </params>
          <reporter-output>
          </reporter-output>
        </test-method> <!-- tearDown -->
        <test-method is-config="true" signature="initialization()[pri:0, instance:com.CallHippo.web.numberAndUserSubscription.AddNumberTest@1e1d3956]" started-at="2020-11-15T05:38:49 IST" name="initialization" finished-at="2020-11-15T05:38:57 IST" duration-ms="8463" status="PASS">
          <reporter-output>
          </reporter-output>
        </test-method> <!-- initialization -->
        <test-method signature="Delete_and_add_Standard_number_in_same_month_having_different_price_Plan_period_monthly()[pri:48, instance:com.CallHippo.web.numberAndUserSubscription.AddNumberTest@1e1d3956]" started-at="2020-11-15T05:38:57 IST" name="Delete_and_add_Standard_number_in_same_month_having_different_price_Plan_period_monthly" finished-at="2020-11-15T05:43:55 IST" depends-on-methods="com.CallHippo.web.numberAndUserSubscription.AddNumberTest.signup1" duration-ms="297743" status="PASS">
          <reporter-output>
          </reporter-output>
        </test-method> <!-- Delete_and_add_Standard_number_in_same_month_having_different_price_Plan_period_monthly -->
        <test-method is-config="true" signature="tearDown(org.testng.ITestResult)[pri:0, instance:com.CallHippo.web.numberAndUserSubscription.AddNumberTest@1e1d3956]" started-at="2020-11-15T05:43:55 IST" name="tearDown" finished-at="2020-11-15T05:43:56 IST" duration-ms="1066" status="PASS">
          <params>
            <param index="0">
              <value>
                <![CDATA[[TestResult name=Delete_and_add_Standard_number_in_same_month_having_different_price_Plan_period_monthly status=SUCCESS method=AddNumberTest.Delete_and_add_Standard_number_in_same_month_having_different_price_Plan_period_monthly()[pri:48, instance:com.CallHippo.web.numberAndUserSubscription.AddNumberTest@1e1d3956] output={null}]]]>
              </value>
            </param>
          </params>
          <reporter-output>
          </reporter-output>
        </test-method> <!-- tearDown -->
        <test-method is-config="true" signature="initialization()[pri:0, instance:com.CallHippo.web.numberAndUserSubscription.AddNumberTest@1e1d3956]" started-at="2020-11-15T05:43:56 IST" name="initialization" finished-at="2020-11-15T05:44:05 IST" duration-ms="8843" status="PASS">
          <reporter-output>
          </reporter-output>
        </test-method> <!-- initialization -->
        <test-method signature="Delete_higher_amount_Standard_number_when_number_having_different_price_Plan_period_Annually()[pri:51, instance:com.CallHippo.web.numberAndUserSubscription.AddNumberTest@1e1d3956]" started-at="2020-11-15T05:44:05 IST" name="Delete_higher_amount_Standard_number_when_number_having_different_price_Plan_period_Annually" finished-at="2020-11-15T05:50:49 IST" depends-on-methods="com.CallHippo.web.numberAndUserSubscription.AddNumberTest.signup1" duration-ms="403771" status="PASS">
          <reporter-output>
          </reporter-output>
        </test-method> <!-- Delete_higher_amount_Standard_number_when_number_having_different_price_Plan_period_Annually -->
        <test-method is-config="true" signature="tearDown(org.testng.ITestResult)[pri:0, instance:com.CallHippo.web.numberAndUserSubscription.AddNumberTest@1e1d3956]" started-at="2020-11-15T05:50:49 IST" name="tearDown" finished-at="2020-11-15T05:50:50 IST" duration-ms="1058" status="PASS">
          <params>
            <param index="0">
              <value>
                <![CDATA[[TestResult name=Delete_higher_amount_Standard_number_when_number_having_different_price_Plan_period_Annually status=SUCCESS method=AddNumberTest.Delete_higher_amount_Standard_number_when_number_having_different_price_Plan_period_Annually()[pri:51, instance:com.CallHippo.web.numberAndUserSubscription.AddNumberTest@1e1d3956] output={null}]]]>
              </value>
            </param>
          </params>
          <reporter-output>
          </reporter-output>
        </test-method> <!-- tearDown -->
        <test-method is-config="true" signature="initialization()[pri:0, instance:com.CallHippo.web.numberAndUserSubscription.AddNumberTest@1e1d3956]" started-at="2020-11-15T05:50:50 IST" name="initialization" finished-at="2020-11-15T05:50:59 IST" duration-ms="8883" status="PASS">
          <reporter-output>
          </reporter-output>
        </test-method> <!-- initialization -->
        <test-method signature="Delete_Standard_number_when_number_having_different_price_Plan_period_annually()[pri:52, instance:com.CallHippo.web.numberAndUserSubscription.AddNumberTest@1e1d3956]" started-at="2020-11-15T05:50:59 IST" name="Delete_Standard_number_when_number_having_different_price_Plan_period_annually" finished-at="2020-11-15T05:55:26 IST" depends-on-methods="com.CallHippo.web.numberAndUserSubscription.AddNumberTest.signup1" duration-ms="267217" status="PASS">
          <reporter-output>
          </reporter-output>
        </test-method> <!-- Delete_Standard_number_when_number_having_different_price_Plan_period_annually -->
        <test-method is-config="true" signature="tearDown(org.testng.ITestResult)[pri:0, instance:com.CallHippo.web.numberAndUserSubscription.AddNumberTest@1e1d3956]" started-at="2020-11-15T05:55:26 IST" name="tearDown" finished-at="2020-11-15T05:55:27 IST" duration-ms="1065" status="PASS">
          <params>
            <param index="0">
              <value>
                <![CDATA[[TestResult name=Delete_Standard_number_when_number_having_different_price_Plan_period_annually status=SUCCESS method=AddNumberTest.Delete_Standard_number_when_number_having_different_price_Plan_period_annually()[pri:52, instance:com.CallHippo.web.numberAndUserSubscription.AddNumberTest@1e1d3956] output={null}]]]>
              </value>
            </param>
          </params>
          <reporter-output>
          </reporter-output>
        </test-method> <!-- tearDown -->
      </class> <!-- com.CallHippo.web.numberAndUserSubscription.AddNumberTest -->
    </test> <!-- Add and Delete numeber with dynamic chargebee subscription(failed) -->
  </suite> <!-- Failed suite [Suite] -->
</testng-results>
