<?xml version="1.0" encoding="UTF-8"?>
<testng-results ignored="0" total="1" passed="1" failed="0" skipped="0">
  <reporter-output>
  </reporter-output>
  <suite started-at="2021-04-17T22:25:01 IST" name="Default suite" finished-at="2021-04-17T22:26:26 IST" duration-ms="85275">
    <groups>
    </groups>
    <test started-at="2021-04-17T22:25:01 IST" name="Default test" finished-at="2021-04-17T22:26:26 IST" duration-ms="85275">
      <class name="com.flipkart.test.FlipkartProductCompareTest">
        <test-method is-config="true" signature="initialization()[pri:0, instance:com.flipkart.test.FlipkartProductCompareTest@43b9fd5]" started-at="2021-04-17T22:25:01 IST" name="initialization" finished-at="2021-04-17T22:25:08 IST" duration-ms="6902" status="PASS">
          <reporter-output>
          </reporter-output>
        </test-method> <!-- initialization -->
        <test-method is-config="true" signature="login()[pri:0, instance:com.flipkart.test.FlipkartProductCompareTest@43b9fd5]" started-at="2021-04-17T22:25:08 IST" name="login" finished-at="2021-04-17T22:25:11 IST" duration-ms="3070" status="PASS">
          <reporter-output>
          </reporter-output>
        </test-method> <!-- login -->
        <test-method signature="verify_flipkart_product_compare()[pri:1, instance:com.flipkart.test.FlipkartProductCompareTest@43b9fd5]" started-at="2021-04-17T22:25:11 IST" name="verify_flipkart_product_compare" finished-at="2021-04-17T22:26:22 IST" duration-ms="70839" status="PASS">
          <reporter-output>
          </reporter-output>
        </test-method> <!-- verify_flipkart_product_compare -->
        <test-method is-config="true" signature="endTestWork(org.testng.ITestResult)[pri:0, instance:com.flipkart.test.FlipkartProductCompareTest@43b9fd5]" started-at="2021-04-17T22:26:22 IST" name="endTestWork" finished-at="2021-04-17T22:26:23 IST" duration-ms="906" status="PASS">
          <params>
            <param index="0">
              <value>
                <![CDATA[[TestResult name=verify_flipkart_product_compare status=SUCCESS method=FlipkartProductCompareTest.verify_flipkart_product_compare()[pri:1, instance:com.flipkart.test.FlipkartProductCompareTest@43b9fd5] output={null}]]]>
              </value>
            </param>
          </params>
          <reporter-output>
          </reporter-output>
        </test-method> <!-- endTestWork -->
        <test-method is-config="true" signature="tearDown()[pri:0, instance:com.flipkart.test.FlipkartProductCompareTest@43b9fd5]" started-at="2021-04-17T22:26:23 IST" name="tearDown" finished-at="2021-04-17T22:26:26 IST" duration-ms="3464" status="PASS">
          <reporter-output>
          </reporter-output>
        </test-method> <!-- tearDown -->
      </class> <!-- com.flipkart.test.FlipkartProductCompareTest -->
    </test> <!-- Default test -->
  </suite> <!-- Default suite -->
</testng-results>
